#
# There is insufficient memory for the Java Runtime Environment to continue.
# Native memory allocation (malloc) failed to allocate 32744 bytes. Error detail: Chunk::new
# Possible reasons:
#   The system is out of physical RAM or swap space
#   This process is running with CompressedOops enabled, and the Java Heap may be blocking the growth of the native heap
# Possible solutions:
#   Reduce memory load on the system
#   Increase physical memory or swap space
#   Check if swap backing store is full
#   Decrease Java heap size (-Xmx/-Xms)
#   Decrease number of Java threads
#   Decrease Java thread stack sizes (-Xss)
#   Set larger code cache with -XX:ReservedCodeCacheSize=
#   JVM is running with Unscaled Compressed Oops mode in which the Java heap is
#     placed in the first 4GB address space. The Java Heap base address is the
#     maximum limit for the native heap growth. Please use -XX:HeapBaseMinAddress
#     to set the Java Heap base and to place the Java Heap above 4GB virtual address.
# This output file may be truncated or incomplete.
#
#  Out of Memory Error (arena.cpp:168), pid=28596, tid=31364
#
# JRE version: OpenJDK Runtime Environment Microsoft-11933218 (21.0.8+9) (build 21.0.8+9-LTS)
# Java VM: OpenJDK 64-Bit Server VM Microsoft-11933218 (21.0.8+9-LTS, mixed mode, sharing, tiered, compressed oops, compressed class ptrs, g1 gc, windows-amd64)
# No core dump will be written. Minidumps are not enabled by default on client versions of Windows
#

---------------  S U M M A R Y ------------

Command Line: --add-opens=java.base/java.lang=ALL-UNNAMED --add-opens=java.base/java.lang.invoke=ALL-UNNAMED --add-opens=java.base/java.util=ALL-UNNAMED --add-opens=java.prefs/java.util.prefs=ALL-UNNAMED --add-exports=jdk.compiler/com.sun.tools.javac.api=ALL-UNNAMED --add-exports=jdk.compiler/com.sun.tools.javac.util=ALL-UNNAMED --add-opens=java.base/java.util=ALL-UNNAMED --add-opens=java.prefs/java.util.prefs=ALL-UNNAMED --add-opens=java.base/java.nio.charset=ALL-UNNAMED --add-opens=java.base/java.net=ALL-UNNAMED --add-opens=java.base/java.util.concurrent.atomic=ALL-UNNAMED --add-opens=java.xml/javax.xml.namespace=ALL-UNNAMED -XX:MaxMetaspaceSize=384m -XX:+HeapDumpOnOutOfMemoryError -Xms256m -Xmx512m -Dfile.encoding=UTF-8 -Duser.country=KR -Duser.language=ko -Duser.variant -javaagent:C:\Users\1234\.gradle\wrapper\dists\gradle-8.14.3-bin\cv11ve7ro1n3o1j4so8xd9n66\gradle-8.14.3\lib\agents\gradle-instrumentation-agent-8.14.3.jar org.gradle.launcher.daemon.bootstrap.GradleDaemon 8.14.3

Host: Intel(R) Core(TM) Ultra 5 125H, 18 cores, 15G,  Windows 11 , 64 bit Build 26100 (10.0.26100.6725)
Time: Tue Nov 11 16:27:23 2025 elapsed time: 38.181474 seconds (0d 0h 0m 38s)

---------------  T H R E A D  ---------------

Current thread (0x000002abc727d800):  JavaThread "C2 CompilerThread1" daemon [_thread_in_native, id=31364, stack(0x000000fffdd00000,0x000000fffde00000) (1024K)]


Current CompileTask:
C2:38181 3737   !   4       java.net.URLClassLoader$1::run (81 bytes)

Stack: [0x000000fffdd00000,0x000000fffde00000]
Native frames: (J=compiled Java code, j=interpreted, Vv=VM code, C=native code)
V  [jvm.dll+0x6e1729]
V  [jvm.dll+0x8bf47b]
V  [jvm.dll+0x8c19aa]
V  [jvm.dll+0x8c2083]
V  [jvm.dll+0x289fd6]
V  [jvm.dll+0xc903d]
V  [jvm.dll+0xc958c]
V  [jvm.dll+0xc9165]
V  [jvm.dll+0x6bca08]
V  [jvm.dll+0x6bb2b6]
V  [jvm.dll+0x67e53b]
V  [jvm.dll+0x67745e]
V  [jvm.dll+0x3a526b]
V  [jvm.dll+0x3ad612]
V  [jvm.dll+0x6f1d5d]
V  [jvm.dll+0x1d494c]
V  [jvm.dll+0x300310]
V  [jvm.dll+0x6fc33f]
V  [jvm.dll+0x6f45e5]
V  [jvm.dll+0x6f3cfa]
V  [jvm.dll+0x6f1d80]
V  [jvm.dll+0x1d494c]
V  [jvm.dll+0x300310]
V  [jvm.dll+0x6fc33f]
V  [jvm.dll+0x6f45e5]
V  [jvm.dll+0x6f3cfa]
V  [jvm.dll+0x6f1d80]
V  [jvm.dll+0x1d494c]
V  [jvm.dll+0x1d552f]
V  [jvm.dll+0x300310]
V  [jvm.dll+0x6fc33f]
V  [jvm.dll+0x6f45e5]
V  [jvm.dll+0x6f3cfa]
V  [jvm.dll+0x6f1d80]
V  [jvm.dll+0x1d494c]
V  [jvm.dll+0x1d552f]
V  [jvm.dll+0x1d552f]
V  [jvm.dll+0x300310]
V  [jvm.dll+0x6fc33f]
V  [jvm.dll+0x6f45e5]
V  [jvm.dll+0x6f3cfa]
V  [jvm.dll+0x6f1d80]
V  [jvm.dll+0x1d494c]
V  [jvm.dll+0x1d552f]
V  [jvm.dll+0x1d552f]
V  [jvm.dll+0x300310]
V  [jvm.dll+0x6fc33f]
V  [jvm.dll+0x6f45e5]
V  [jvm.dll+0x6f3cfa]
V  [jvm.dll+0x6f1d80]
V  [jvm.dll+0x1d494c]
V  [jvm.dll+0x1d552f]
V  [jvm.dll+0x300310]
V  [jvm.dll+0x6fc33f]
V  [jvm.dll+0x6f45e5]
V  [jvm.dll+0x6f3cfa]
V  [jvm.dll+0x6f1d80]
V  [jvm.dll+0x1d494c]
V  [jvm.dll+0x250da5]
V  [jvm.dll+0x1d18bf]
V  [jvm.dll+0x260f4a]
V  [jvm.dll+0x25f2b5]
V  [jvm.dll+0x40151d]
V  [jvm.dll+0x86975d]
V  [jvm.dll+0x6dff2d]
C  [ucrtbase.dll+0x37b0]
C  [KERNEL32.DLL+0x2e8d7]
C  [ntdll.dll+0x8c53c]


---------------  P R O C E S S  ---------------

Threads class SMR info:
_java_thread_list=0x000002abe3766230, length=33, elements={
0x000002aba93b7f80, 0x000002abc7259cb0, 0x000002abc725c430, 0x000002abc7263f60,
0x000002abc7266fd0, 0x000002abc726a490, 0x000002abc726c670, 0x000002abc7276c20,
0x000002abc727f340, 0x000002abc7233be0, 0x000002abc7458b50, 0x000002abe1b73070,
0x000002abe1cd9390, 0x000002abe1d8dc60, 0x000002abc746e270, 0x000002abc746f8e0,
0x000002abe1e9e920, 0x000002abe1e8c940, 0x000002abc7387b90, 0x000002abc7386e70,
0x000002abc7385430, 0x000002abc7386150, 0x000002abc7385ac0, 0x000002abc7387500,
0x000002abc7388220, 0x000002abc727ca60, 0x000002abc73867e0, 0x000002abe3b3ffc0,
0x000002abe3b42db0, 0x000002abe3b40650, 0x000002abe3b41a00, 0x000002abc727d800,
0x000002abe3b43440
}

Java Threads: ( => current thread )
  0x000002aba93b7f80 JavaThread "main"                              [_thread_blocked, id=11932, stack(0x000000fffa500000,0x000000fffa600000) (1024K)]
  0x000002abc7259cb0 JavaThread "Reference Handler"          daemon [_thread_blocked, id=4664, stack(0x000000fffad00000,0x000000fffae00000) (1024K)]
  0x000002abc725c430 JavaThread "Finalizer"                  daemon [_thread_blocked, id=24436, stack(0x000000fffae00000,0x000000fffaf00000) (1024K)]
  0x000002abc7263f60 JavaThread "Signal Dispatcher"          daemon [_thread_blocked, id=26304, stack(0x000000fffaf00000,0x000000fffb000000) (1024K)]
  0x000002abc7266fd0 JavaThread "Attach Listener"            daemon [_thread_blocked, id=972, stack(0x000000fffb000000,0x000000fffb100000) (1024K)]
  0x000002abc726a490 JavaThread "Service Thread"             daemon [_thread_blocked, id=17556, stack(0x000000fffb100000,0x000000fffb200000) (1024K)]
  0x000002abc726c670 JavaThread "Monitor Deflation Thread"   daemon [_thread_blocked, id=3528, stack(0x000000fffb200000,0x000000fffb300000) (1024K)]
  0x000002abc7276c20 JavaThread "C2 CompilerThread0"         daemon [_thread_in_native, id=3316, stack(0x000000fffb300000,0x000000fffb400000) (1024K)]
  0x000002abc727f340 JavaThread "C1 CompilerThread0"         daemon [_thread_blocked, id=36284, stack(0x000000fffb400000,0x000000fffb500000) (1024K)]
  0x000002abc7233be0 JavaThread "Common-Cleaner"             daemon [_thread_blocked, id=33508, stack(0x000000fffb500000,0x000000fffb600000) (1024K)]
  0x000002abc7458b50 JavaThread "Notification Thread"        daemon [_thread_blocked, id=20448, stack(0x000000fffb700000,0x000000fffb800000) (1024K)]
  0x000002abe1b73070 JavaThread "Daemon health stats"               [_thread_blocked, id=26156, stack(0x000000fffbe00000,0x000000fffbf00000) (1024K)]
  0x000002abe1cd9390 JavaThread "Incoming local TCP Connector on port 61912"        [_thread_in_native, id=6040, stack(0x000000fffc200000,0x000000fffc300000) (1024K)]
  0x000002abe1d8dc60 JavaThread "Daemon periodic checks"            [_thread_blocked, id=24016, stack(0x000000fffc400000,0x000000fffc500000) (1024K)]
  0x000002abc746e270 JavaThread "Daemon"                            [_thread_blocked, id=35492, stack(0x000000fffc300000,0x000000fffc400000) (1024K)]
  0x000002abc746f8e0 JavaThread "Handler for socket connection from /127.0.0.1:61912 to /127.0.0.1:61915"        [_thread_in_native, id=28412, stack(0x000000fffc500000,0x000000fffc600000) (1024K)]
  0x000002abe1e9e920 JavaThread "Cancel handler"                    [_thread_blocked, id=35396, stack(0x000000fffbd00000,0x000000fffbe00000) (1024K)]
  0x000002abe1e8c940 JavaThread "Daemon worker"                     [_thread_in_vm, id=15416, stack(0x000000fffb600000,0x000000fffb700000) (1024K)]
  0x000002abc7387b90 JavaThread "Asynchronous log dispatcher for DefaultDaemonConnection: socket connection from /127.0.0.1:61912 to /127.0.0.1:61915"        [_thread_blocked, id=28000, stack(0x000000fffbf00000,0x000000fffc000000) (1024K)]
  0x000002abc7386e70 JavaThread "Stdin handler"                     [_thread_blocked, id=12796, stack(0x000000fffc600000,0x000000fffc700000) (1024K)]
  0x000002abc7385430 JavaThread "Daemon client event forwarder"        [_thread_blocked, id=25104, stack(0x000000fffc700000,0x000000fffc800000) (1024K)]
  0x000002abc7386150 JavaThread "Cache worker for journal cache (C:\Users\1234\.gradle\caches\journal-1)"        [_thread_blocked, id=11532, stack(0x000000fffc800000,0x000000fffc900000) (1024K)]
  0x000002abc7385ac0 JavaThread "File lock request listener"        [_thread_in_native, id=7968, stack(0x000000fffc900000,0x000000fffca00000) (1024K)]
  0x000002abc7387500 JavaThread "File lock release action executor"        [_thread_blocked, id=33084, stack(0x000000fffca00000,0x000000fffcb00000) (1024K)]
  0x000002abc7388220 JavaThread "Cache worker for file hash cache (C:\Users\1234\.gradle\caches\8.14.3\fileHashes)"        [_thread_blocked, id=6676, stack(0x000000fffcb00000,0x000000fffcc00000) (1024K)]
  0x000002abc727ca60 JavaThread "C1 CompilerThread1"         daemon [_thread_blocked, id=24328, stack(0x000000fffd500000,0x000000fffd600000) (1024K)]
  0x000002abc73867e0 JavaThread "Cache worker for file hash cache (C:\Users\1234\beadv1_1_dev_ground_BE\.gradle\8.14.3\fileHashes)"        [_thread_blocked, id=32276, stack(0x000000fffd600000,0x000000fffd700000) (1024K)]
  0x000002abe3b3ffc0 JavaThread "Cache worker for Build Output Cleanup Cache (C:\Users\1234\beadv1_1_dev_ground_BE\.gradle\buildOutputCleanup)"        [_thread_blocked, id=25444, stack(0x000000fffd700000,0x000000fffd800000) (1024K)]
  0x000002abe3b42db0 JavaThread "File watcher server"        daemon [_thread_in_native, id=27960, stack(0x000000fffd800000,0x000000fffd900000) (1024K)]
  0x000002abe3b40650 JavaThread "File watcher consumer"      daemon [_thread_blocked, id=36256, stack(0x000000fffd900000,0x000000fffda00000) (1024K)]
  0x000002abe3b41a00 JavaThread "jar transforms"                    [_thread_blocked, id=19776, stack(0x000000fffdc00000,0x000000fffdd00000) (1024K)]
=>0x000002abc727d800 JavaThread "C2 CompilerThread1"         daemon [_thread_in_native, id=31364, stack(0x000000fffdd00000,0x000000fffde00000) (1024K)]
  0x000002abe3b43440 JavaThread "jar transforms Thread 2"           [_thread_blocked, id=26936, stack(0x000000fffde00000,0x000000fffdf00000) (1024K)]
Total: 33

Other Threads:
  0x000002aba938d410 VMThread "VM Thread"                           [id=25176, stack(0x000000fffac00000,0x000000fffad00000) (1024K)]
  0x000002abc7232dd0 WatcherThread "VM Periodic Task Thread"        [id=33424, stack(0x000000fffab00000,0x000000fffac00000) (1024K)]
  0x000002aba938ccd0 WorkerThread "GC Thread#0"                     [id=34984, stack(0x000000fffa600000,0x000000fffa700000) (1024K)]
  0x000002aba938d7b0 WorkerThread "GC Thread#1"                     [id=36164, stack(0x000000fffb800000,0x000000fffb900000) (1024K)]
  0x000002aba938db50 WorkerThread "GC Thread#2"                     [id=27200, stack(0x000000fffb900000,0x000000fffba00000) (1024K)]
  0x000002abc7671180 WorkerThread "GC Thread#3"                     [id=17472, stack(0x000000fffba00000,0x000000fffbb00000) (1024K)]
  0x000002abc766f0e0 WorkerThread "GC Thread#4"                     [id=21292, stack(0x000000fffbb00000,0x000000fffbc00000) (1024K)]
  0x000002abc7672000 WorkerThread "GC Thread#5"                     [id=16072, stack(0x000000fffbc00000,0x000000fffbd00000) (1024K)]
  0x000002abc766f480 WorkerThread "GC Thread#6"                     [id=22920, stack(0x000000fffc000000,0x000000fffc100000) (1024K)]
  0x000002abc7672740 WorkerThread "GC Thread#7"                     [id=36188, stack(0x000000fffc100000,0x000000fffc200000) (1024K)]
  0x000002abc766ff60 WorkerThread "GC Thread#8"                     [id=7832, stack(0x000000fffcc00000,0x000000fffcd00000) (1024K)]
  0x000002abc7670a40 WorkerThread "GC Thread#9"                     [id=32788, stack(0x000000fffcd00000,0x000000fffce00000) (1024K)]
  0x000002abc7670300 WorkerThread "GC Thread#10"                    [id=3708, stack(0x000000fffce00000,0x000000fffcf00000) (1024K)]
  0x000002abc76718c0 WorkerThread "GC Thread#11"                    [id=25036, stack(0x000000fffcf00000,0x000000fffd000000) (1024K)]
  0x000002abc7670de0 WorkerThread "GC Thread#12"                    [id=36460, stack(0x000000fffd000000,0x000000fffd100000) (1024K)]
  0x000002abc7671c60 WorkerThread "GC Thread#13"                    [id=28732, stack(0x000000fffd100000,0x000000fffd200000) (1024K)]
  0x000002abab709b10 ConcurrentGCThread "G1 Main Marker"            [id=31756, stack(0x000000fffa700000,0x000000fffa800000) (1024K)]
  0x000002aba938d070 WorkerThread "G1 Conc#0"                       [id=31576, stack(0x000000fffa800000,0x000000fffa900000) (1024K)]
  0x000002abe2a19a30 WorkerThread "G1 Conc#1"                       [id=7132, stack(0x000000fffd200000,0x000000fffd300000) (1024K)]
  0x000002abe2a163d0 WorkerThread "G1 Conc#2"                       [id=21432, stack(0x000000fffd300000,0x000000fffd400000) (1024K)]
  0x000002abe2a18bb0 WorkerThread "G1 Conc#3"                       [id=26656, stack(0x000000fffd400000,0x000000fffd500000) (1024K)]
  0x000002abc70ff670 ConcurrentGCThread "G1 Refine#0"               [id=29692, stack(0x000000fffa900000,0x000000fffaa00000) (1024K)]
  0x000002abc70ffff0 ConcurrentGCThread "G1 Service"                [id=18552, stack(0x000000fffaa00000,0x000000fffab00000) (1024K)]
Total: 23

Threads with active compile tasks:
C2 CompilerThread0  38789 3736   !   4       java.net.URLClassLoader::findClass (47 bytes)
C2 CompilerThread1  38789 3737   !   4       java.net.URLClassLoader$1::run (81 bytes)
Total: 2

VM state: not at safepoint (normal execution)

VM Mutex/Monitor currently owned by a thread: None

Heap address: 0x00000000e0000000, size: 512 MB, Compressed Oops mode: 32-bit

CDS archive(s) mapped at: [0x000002abc8000000-0x000002abc8c80000-0x000002abc8c80000), size 13107200, SharedBaseAddress: 0x000002abc8000000, ArchiveRelocationMode: 1.
Compressed class space mapped at: 0x000002abc9000000-0x000002abdd000000, reserved size: 335544320
Narrow klass base: 0x000002abc8000000, Narrow klass shift: 0, Narrow klass range: 0x100000000

GC Precious Log:
 CardTable entry size: 512
 Card Set container configuration: InlinePtr #cards 5 size 8 Array Of Cards #cards 12 size 40 Howl #buckets 4 coarsen threshold 1843 Howl Bitmap #cards 512 size 80 coarsen threshold 460 Card regions per heap region 1 cards per card region 2048
 CPUs: 18 total, 18 available
 Memory: 15898M
 Large Page Support: Disabled
 NUMA Support: Disabled
 Compressed Oops: Enabled (32-bit)
 Heap Region Size: 1M
 Heap Min Capacity: 256M
 Heap Initial Capacity: 256M
 Heap Max Capacity: 512M
 Pre-touch: Disabled
 Parallel Workers: 14
 Concurrent Workers: 4
 Concurrent Refinement Workers: 14
 Periodic GC: Disabled

Heap:
 garbage-first heap   total 262144K, used 75343K [0x00000000e0000000, 0x0000000100000000)
  region size 1024K, 63 young (64512K), 12 survivors (12288K)
 Metaspace       used 27426K, committed 28416K, reserved 393216K
  class space    used 4122K, committed 4608K, reserved 327680K

Heap Regions: E=young(eden), S=young(survivor), O=old, HS=humongous(starts), HC=humongous(continues), CS=collection set, F=free, TAMS=top-at-mark-start, PB=parsable bottom
|   0|0x00000000e0000000, 0x00000000e0100000, 0x00000000e0100000|100%|HS|  |TAMS 0x00000000e0000000| PB 0x00000000e0000000| Complete 
|   1|0x00000000e0100000, 0x00000000e0200000, 0x00000000e0200000|100%|HC|  |TAMS 0x00000000e0100000| PB 0x00000000e0100000| Complete 
|   2|0x00000000e0200000, 0x00000000e0300000, 0x00000000e0300000|100%|HC|  |TAMS 0x00000000e0200000| PB 0x00000000e0200000| Complete 
|   3|0x00000000e0300000, 0x00000000e0400000, 0x00000000e0400000|100%| O|  |TAMS 0x00000000e0300000| PB 0x00000000e0300000| Untracked 
|   4|0x00000000e0400000, 0x00000000e0500000, 0x00000000e0500000|100%| O|  |TAMS 0x00000000e0400000| PB 0x00000000e0400000| Untracked 
|   5|0x00000000e0500000, 0x00000000e0600000, 0x00000000e0600000|100%| O|  |TAMS 0x00000000e0500000| PB 0x00000000e0500000| Untracked 
|   6|0x00000000e0600000, 0x00000000e0700000, 0x00000000e0700000|100%|HS|  |TAMS 0x00000000e0600000| PB 0x00000000e0600000| Complete 
|   7|0x00000000e0700000, 0x00000000e0700000, 0x00000000e0800000|  0%| F|  |TAMS 0x00000000e0700000| PB 0x00000000e0700000| Untracked 
|   8|0x00000000e0800000, 0x00000000e0900000, 0x00000000e0900000|100%| O|  |TAMS 0x00000000e0800000| PB 0x00000000e0800000| Untracked 
|   9|0x00000000e0900000, 0x00000000e0a00000, 0x00000000e0a00000|100%| O|  |TAMS 0x00000000e0900000| PB 0x00000000e0900000| Untracked 
|  10|0x00000000e0a00000, 0x00000000e0b00000, 0x00000000e0b00000|100%| O|  |TAMS 0x00000000e0a00000| PB 0x00000000e0a00000| Untracked 
|  11|0x00000000e0b00000, 0x00000000e0c00000, 0x00000000e0c00000|100%| O|  |TAMS 0x00000000e0b00000| PB 0x00000000e0b00000| Untracked 
|  12|0x00000000e0c00000, 0x00000000e0c99fb0, 0x00000000e0d00000| 60%| O|  |TAMS 0x00000000e0c00000| PB 0x00000000e0c00000| Untracked 
|  13|0x00000000e0d00000, 0x00000000e0d00000, 0x00000000e0e00000|  0%| F|  |TAMS 0x00000000e0d00000| PB 0x00000000e0d00000| Untracked 
|  14|0x00000000e0e00000, 0x00000000e0e00000, 0x00000000e0f00000|  0%| F|  |TAMS 0x00000000e0e00000| PB 0x00000000e0e00000| Untracked 
|  15|0x00000000e0f00000, 0x00000000e0f00000, 0x00000000e1000000|  0%| F|  |TAMS 0x00000000e0f00000| PB 0x00000000e0f00000| Untracked 
|  16|0x00000000e1000000, 0x00000000e1000000, 0x00000000e1100000|  0%| F|  |TAMS 0x00000000e1000000| PB 0x00000000e1000000| Untracked 
|  17|0x00000000e1100000, 0x00000000e1100000, 0x00000000e1200000|  0%| F|  |TAMS 0x00000000e1100000| PB 0x00000000e1100000| Untracked 
|  18|0x00000000e1200000, 0x00000000e1200000, 0x00000000e1300000|  0%| F|  |TAMS 0x00000000e1200000| PB 0x00000000e1200000| Untracked 
|  19|0x00000000e1300000, 0x00000000e1300000, 0x00000000e1400000|  0%| F|  |TAMS 0x00000000e1300000| PB 0x00000000e1300000| Untracked 
|  20|0x00000000e1400000, 0x00000000e1400000, 0x00000000e1500000|  0%| F|  |TAMS 0x00000000e1400000| PB 0x00000000e1400000| Untracked 
|  21|0x00000000e1500000, 0x00000000e1500000, 0x00000000e1600000|  0%| F|  |TAMS 0x00000000e1500000| PB 0x00000000e1500000| Untracked 
|  22|0x00000000e1600000, 0x00000000e1600000, 0x00000000e1700000|  0%| F|  |TAMS 0x00000000e1600000| PB 0x00000000e1600000| Untracked 
|  23|0x00000000e1700000, 0x00000000e1700000, 0x00000000e1800000|  0%| F|  |TAMS 0x00000000e1700000| PB 0x00000000e1700000| Untracked 
|  24|0x00000000e1800000, 0x00000000e1800000, 0x00000000e1900000|  0%| F|  |TAMS 0x00000000e1800000| PB 0x00000000e1800000| Untracked 
|  25|0x00000000e1900000, 0x00000000e1900000, 0x00000000e1a00000|  0%| F|  |TAMS 0x00000000e1900000| PB 0x00000000e1900000| Untracked 
|  26|0x00000000e1a00000, 0x00000000e1a00000, 0x00000000e1b00000|  0%| F|  |TAMS 0x00000000e1a00000| PB 0x00000000e1a00000| Untracked 
|  27|0x00000000e1b00000, 0x00000000e1b00000, 0x00000000e1c00000|  0%| F|  |TAMS 0x00000000e1b00000| PB 0x00000000e1b00000| Untracked 
|  28|0x00000000e1c00000, 0x00000000e1c00000, 0x00000000e1d00000|  0%| F|  |TAMS 0x00000000e1c00000| PB 0x00000000e1c00000| Untracked 
|  29|0x00000000e1d00000, 0x00000000e1d00000, 0x00000000e1e00000|  0%| F|  |TAMS 0x00000000e1d00000| PB 0x00000000e1d00000| Untracked 
|  30|0x00000000e1e00000, 0x00000000e1e00000, 0x00000000e1f00000|  0%| F|  |TAMS 0x00000000e1e00000| PB 0x00000000e1e00000| Untracked 
|  31|0x00000000e1f00000, 0x00000000e1f00000, 0x00000000e2000000|  0%| F|  |TAMS 0x00000000e1f00000| PB 0x00000000e1f00000| Untracked 
|  32|0x00000000e2000000, 0x00000000e2000000, 0x00000000e2100000|  0%| F|  |TAMS 0x00000000e2000000| PB 0x00000000e2000000| Untracked 
|  33|0x00000000e2100000, 0x00000000e2100000, 0x00000000e2200000|  0%| F|  |TAMS 0x00000000e2100000| PB 0x00000000e2100000| Untracked 
|  34|0x00000000e2200000, 0x00000000e2200000, 0x00000000e2300000|  0%| F|  |TAMS 0x00000000e2200000| PB 0x00000000e2200000| Untracked 
|  35|0x00000000e2300000, 0x00000000e2300000, 0x00000000e2400000|  0%| F|  |TAMS 0x00000000e2300000| PB 0x00000000e2300000| Untracked 
|  36|0x00000000e2400000, 0x00000000e2400000, 0x00000000e2500000|  0%| F|  |TAMS 0x00000000e2400000| PB 0x00000000e2400000| Untracked 
|  37|0x00000000e2500000, 0x00000000e2500000, 0x00000000e2600000|  0%| F|  |TAMS 0x00000000e2500000| PB 0x00000000e2500000| Untracked 
|  38|0x00000000e2600000, 0x00000000e2600000, 0x00000000e2700000|  0%| F|  |TAMS 0x00000000e2600000| PB 0x00000000e2600000| Untracked 
|  39|0x00000000e2700000, 0x00000000e2700000, 0x00000000e2800000|  0%| F|  |TAMS 0x00000000e2700000| PB 0x00000000e2700000| Untracked 
|  40|0x00000000e2800000, 0x00000000e2800000, 0x00000000e2900000|  0%| F|  |TAMS 0x00000000e2800000| PB 0x00000000e2800000| Untracked 
|  41|0x00000000e2900000, 0x00000000e2900000, 0x00000000e2a00000|  0%| F|  |TAMS 0x00000000e2900000| PB 0x00000000e2900000| Untracked 
|  42|0x00000000e2a00000, 0x00000000e2a00000, 0x00000000e2b00000|  0%| F|  |TAMS 0x00000000e2a00000| PB 0x00000000e2a00000| Untracked 
|  43|0x00000000e2b00000, 0x00000000e2b00000, 0x00000000e2c00000|  0%| F|  |TAMS 0x00000000e2b00000| PB 0x00000000e2b00000| Untracked 
|  44|0x00000000e2c00000, 0x00000000e2c00000, 0x00000000e2d00000|  0%| F|  |TAMS 0x00000000e2c00000| PB 0x00000000e2c00000| Untracked 
|  45|0x00000000e2d00000, 0x00000000e2d00000, 0x00000000e2e00000|  0%| F|  |TAMS 0x00000000e2d00000| PB 0x00000000e2d00000| Untracked 
|  46|0x00000000e2e00000, 0x00000000e2e00000, 0x00000000e2f00000|  0%| F|  |TAMS 0x00000000e2e00000| PB 0x00000000e2e00000| Untracked 
|  47|0x00000000e2f00000, 0x00000000e2f00000, 0x00000000e3000000|  0%| F|  |TAMS 0x00000000e2f00000| PB 0x00000000e2f00000| Untracked 
|  48|0x00000000e3000000, 0x00000000e3000000, 0x00000000e3100000|  0%| F|  |TAMS 0x00000000e3000000| PB 0x00000000e3000000| Untracked 
|  49|0x00000000e3100000, 0x00000000e3100000, 0x00000000e3200000|  0%| F|  |TAMS 0x00000000e3100000| PB 0x00000000e3100000| Untracked 
|  50|0x00000000e3200000, 0x00000000e3200000, 0x00000000e3300000|  0%| F|  |TAMS 0x00000000e3200000| PB 0x00000000e3200000| Untracked 
|  51|0x00000000e3300000, 0x00000000e3300000, 0x00000000e3400000|  0%| F|  |TAMS 0x00000000e3300000| PB 0x00000000e3300000| Untracked 
|  52|0x00000000e3400000, 0x00000000e3400000, 0x00000000e3500000|  0%| F|  |TAMS 0x00000000e3400000| PB 0x00000000e3400000| Untracked 
|  53|0x00000000e3500000, 0x00000000e3500000, 0x00000000e3600000|  0%| F|  |TAMS 0x00000000e3500000| PB 0x00000000e3500000| Untracked 
|  54|0x00000000e3600000, 0x00000000e3600000, 0x00000000e3700000|  0%| F|  |TAMS 0x00000000e3600000| PB 0x00000000e3600000| Untracked 
|  55|0x00000000e3700000, 0x00000000e3700000, 0x00000000e3800000|  0%| F|  |TAMS 0x00000000e3700000| PB 0x00000000e3700000| Untracked 
|  56|0x00000000e3800000, 0x00000000e3800000, 0x00000000e3900000|  0%| F|  |TAMS 0x00000000e3800000| PB 0x00000000e3800000| Untracked 
|  57|0x00000000e3900000, 0x00000000e3900000, 0x00000000e3a00000|  0%| F|  |TAMS 0x00000000e3900000| PB 0x00000000e3900000| Untracked 
|  58|0x00000000e3a00000, 0x00000000e3a00000, 0x00000000e3b00000|  0%| F|  |TAMS 0x00000000e3a00000| PB 0x00000000e3a00000| Untracked 
|  59|0x00000000e3b00000, 0x00000000e3b00000, 0x00000000e3c00000|  0%| F|  |TAMS 0x00000000e3b00000| PB 0x00000000e3b00000| Untracked 
|  60|0x00000000e3c00000, 0x00000000e3c00000, 0x00000000e3d00000|  0%| F|  |TAMS 0x00000000e3c00000| PB 0x00000000e3c00000| Untracked 
|  61|0x00000000e3d00000, 0x00000000e3d00000, 0x00000000e3e00000|  0%| F|  |TAMS 0x00000000e3d00000| PB 0x00000000e3d00000| Untracked 
|  62|0x00000000e3e00000, 0x00000000e3e00000, 0x00000000e3f00000|  0%| F|  |TAMS 0x00000000e3e00000| PB 0x00000000e3e00000| Untracked 
|  63|0x00000000e3f00000, 0x00000000e3f00000, 0x00000000e4000000|  0%| F|  |TAMS 0x00000000e3f00000| PB 0x00000000e3f00000| Untracked 
|  64|0x00000000e4000000, 0x00000000e4000000, 0x00000000e4100000|  0%| F|  |TAMS 0x00000000e4000000| PB 0x00000000e4000000| Untracked 
|  65|0x00000000e4100000, 0x00000000e4100000, 0x00000000e4200000|  0%| F|  |TAMS 0x00000000e4100000| PB 0x00000000e4100000| Untracked 
|  66|0x00000000e4200000, 0x00000000e4200000, 0x00000000e4300000|  0%| F|  |TAMS 0x00000000e4200000| PB 0x00000000e4200000| Untracked 
|  67|0x00000000e4300000, 0x00000000e4300000, 0x00000000e4400000|  0%| F|  |TAMS 0x00000000e4300000| PB 0x00000000e4300000| Untracked 
|  68|0x00000000e4400000, 0x00000000e4400000, 0x00000000e4500000|  0%| F|  |TAMS 0x00000000e4400000| PB 0x00000000e4400000| Untracked 
|  69|0x00000000e4500000, 0x00000000e4500000, 0x00000000e4600000|  0%| F|  |TAMS 0x00000000e4500000| PB 0x00000000e4500000| Untracked 
|  70|0x00000000e4600000, 0x00000000e4600000, 0x00000000e4700000|  0%| F|  |TAMS 0x00000000e4600000| PB 0x00000000e4600000| Untracked 
|  71|0x00000000e4700000, 0x00000000e4700000, 0x00000000e4800000|  0%| F|  |TAMS 0x00000000e4700000| PB 0x00000000e4700000| Untracked 
|  72|0x00000000e4800000, 0x00000000e4800000, 0x00000000e4900000|  0%| F|  |TAMS 0x00000000e4800000| PB 0x00000000e4800000| Untracked 
|  73|0x00000000e4900000, 0x00000000e4900000, 0x00000000e4a00000|  0%| F|  |TAMS 0x00000000e4900000| PB 0x00000000e4900000| Untracked 
|  74|0x00000000e4a00000, 0x00000000e4a00000, 0x00000000e4b00000|  0%| F|  |TAMS 0x00000000e4a00000| PB 0x00000000e4a00000| Untracked 
|  75|0x00000000e4b00000, 0x00000000e4b00000, 0x00000000e4c00000|  0%| F|  |TAMS 0x00000000e4b00000| PB 0x00000000e4b00000| Untracked 
|  76|0x00000000e4c00000, 0x00000000e4c00000, 0x00000000e4d00000|  0%| F|  |TAMS 0x00000000e4c00000| PB 0x00000000e4c00000| Untracked 
|  77|0x00000000e4d00000, 0x00000000e4d00000, 0x00000000e4e00000|  0%| F|  |TAMS 0x00000000e4d00000| PB 0x00000000e4d00000| Untracked 
|  78|0x00000000e4e00000, 0x00000000e4e00000, 0x00000000e4f00000|  0%| F|  |TAMS 0x00000000e4e00000| PB 0x00000000e4e00000| Untracked 
|  79|0x00000000e4f00000, 0x00000000e4f00000, 0x00000000e5000000|  0%| F|  |TAMS 0x00000000e4f00000| PB 0x00000000e4f00000| Untracked 
|  80|0x00000000e5000000, 0x00000000e5000000, 0x00000000e5100000|  0%| F|  |TAMS 0x00000000e5000000| PB 0x00000000e5000000| Untracked 
|  81|0x00000000e5100000, 0x00000000e5100000, 0x00000000e5200000|  0%| F|  |TAMS 0x00000000e5100000| PB 0x00000000e5100000| Untracked 
|  82|0x00000000e5200000, 0x00000000e5200000, 0x00000000e5300000|  0%| F|  |TAMS 0x00000000e5200000| PB 0x00000000e5200000| Untracked 
|  83|0x00000000e5300000, 0x00000000e5300000, 0x00000000e5400000|  0%| F|  |TAMS 0x00000000e5300000| PB 0x00000000e5300000| Untracked 
|  84|0x00000000e5400000, 0x00000000e5400000, 0x00000000e5500000|  0%| F|  |TAMS 0x00000000e5400000| PB 0x00000000e5400000| Untracked 
|  85|0x00000000e5500000, 0x00000000e5500000, 0x00000000e5600000|  0%| F|  |TAMS 0x00000000e5500000| PB 0x00000000e5500000| Untracked 
|  86|0x00000000e5600000, 0x00000000e5600000, 0x00000000e5700000|  0%| F|  |TAMS 0x00000000e5600000| PB 0x00000000e5600000| Untracked 
|  87|0x00000000e5700000, 0x00000000e5700000, 0x00000000e5800000|  0%| F|  |TAMS 0x00000000e5700000| PB 0x00000000e5700000| Untracked 
|  88|0x00000000e5800000, 0x00000000e5800000, 0x00000000e5900000|  0%| F|  |TAMS 0x00000000e5800000| PB 0x00000000e5800000| Untracked 
|  89|0x00000000e5900000, 0x00000000e5900000, 0x00000000e5a00000|  0%| F|  |TAMS 0x00000000e5900000| PB 0x00000000e5900000| Untracked 
|  90|0x00000000e5a00000, 0x00000000e5a00000, 0x00000000e5b00000|  0%| F|  |TAMS 0x00000000e5a00000| PB 0x00000000e5a00000| Untracked 
|  91|0x00000000e5b00000, 0x00000000e5b00000, 0x00000000e5c00000|  0%| F|  |TAMS 0x00000000e5b00000| PB 0x00000000e5b00000| Untracked 
|  92|0x00000000e5c00000, 0x00000000e5c00000, 0x00000000e5d00000|  0%| F|  |TAMS 0x00000000e5c00000| PB 0x00000000e5c00000| Untracked 
|  93|0x00000000e5d00000, 0x00000000e5d00000, 0x00000000e5e00000|  0%| F|  |TAMS 0x00000000e5d00000| PB 0x00000000e5d00000| Untracked 
|  94|0x00000000e5e00000, 0x00000000e5e00000, 0x00000000e5f00000|  0%| F|  |TAMS 0x00000000e5e00000| PB 0x00000000e5e00000| Untracked 
|  95|0x00000000e5f00000, 0x00000000e5f00000, 0x00000000e6000000|  0%| F|  |TAMS 0x00000000e5f00000| PB 0x00000000e5f00000| Untracked 
|  96|0x00000000e6000000, 0x00000000e6000000, 0x00000000e6100000|  0%| F|  |TAMS 0x00000000e6000000| PB 0x00000000e6000000| Untracked 
|  97|0x00000000e6100000, 0x00000000e6100000, 0x00000000e6200000|  0%| F|  |TAMS 0x00000000e6100000| PB 0x00000000e6100000| Untracked 
|  98|0x00000000e6200000, 0x00000000e6200000, 0x00000000e6300000|  0%| F|  |TAMS 0x00000000e6200000| PB 0x00000000e6200000| Untracked 
|  99|0x00000000e6300000, 0x00000000e6300000, 0x00000000e6400000|  0%| F|  |TAMS 0x00000000e6300000| PB 0x00000000e6300000| Untracked 
| 100|0x00000000e6400000, 0x00000000e6400000, 0x00000000e6500000|  0%| F|  |TAMS 0x00000000e6400000| PB 0x00000000e6400000| Untracked 
| 101|0x00000000e6500000, 0x00000000e6500000, 0x00000000e6600000|  0%| F|  |TAMS 0x00000000e6500000| PB 0x00000000e6500000| Untracked 
| 102|0x00000000e6600000, 0x00000000e6600000, 0x00000000e6700000|  0%| F|  |TAMS 0x00000000e6600000| PB 0x00000000e6600000| Untracked 
| 103|0x00000000e6700000, 0x00000000e6700000, 0x00000000e6800000|  0%| F|  |TAMS 0x00000000e6700000| PB 0x00000000e6700000| Untracked 
| 104|0x00000000e6800000, 0x00000000e6800000, 0x00000000e6900000|  0%| F|  |TAMS 0x00000000e6800000| PB 0x00000000e6800000| Untracked 
| 105|0x00000000e6900000, 0x00000000e6900000, 0x00000000e6a00000|  0%| F|  |TAMS 0x00000000e6900000| PB 0x00000000e6900000| Untracked 
| 106|0x00000000e6a00000, 0x00000000e6a00000, 0x00000000e6b00000|  0%| F|  |TAMS 0x00000000e6a00000| PB 0x00000000e6a00000| Untracked 
| 107|0x00000000e6b00000, 0x00000000e6b00000, 0x00000000e6c00000|  0%| F|  |TAMS 0x00000000e6b00000| PB 0x00000000e6b00000| Untracked 
| 108|0x00000000e6c00000, 0x00000000e6c00000, 0x00000000e6d00000|  0%| F|  |TAMS 0x00000000e6c00000| PB 0x00000000e6c00000| Untracked 
| 109|0x00000000e6d00000, 0x00000000e6d00000, 0x00000000e6e00000|  0%| F|  |TAMS 0x00000000e6d00000| PB 0x00000000e6d00000| Untracked 
| 110|0x00000000e6e00000, 0x00000000e6e00000, 0x00000000e6f00000|  0%| F|  |TAMS 0x00000000e6e00000| PB 0x00000000e6e00000| Untracked 
| 111|0x00000000e6f00000, 0x00000000e6f00000, 0x00000000e7000000|  0%| F|  |TAMS 0x00000000e6f00000| PB 0x00000000e6f00000| Untracked 
| 112|0x00000000e7000000, 0x00000000e7000000, 0x00000000e7100000|  0%| F|  |TAMS 0x00000000e7000000| PB 0x00000000e7000000| Untracked 
| 113|0x00000000e7100000, 0x00000000e7100000, 0x00000000e7200000|  0%| F|  |TAMS 0x00000000e7100000| PB 0x00000000e7100000| Untracked 
| 114|0x00000000e7200000, 0x00000000e7200000, 0x00000000e7300000|  0%| F|  |TAMS 0x00000000e7200000| PB 0x00000000e7200000| Untracked 
| 115|0x00000000e7300000, 0x00000000e7300000, 0x00000000e7400000|  0%| F|  |TAMS 0x00000000e7300000| PB 0x00000000e7300000| Untracked 
| 116|0x00000000e7400000, 0x00000000e7400000, 0x00000000e7500000|  0%| F|  |TAMS 0x00000000e7400000| PB 0x00000000e7400000| Untracked 
| 117|0x00000000e7500000, 0x00000000e7500000, 0x00000000e7600000|  0%| F|  |TAMS 0x00000000e7500000| PB 0x00000000e7500000| Untracked 
| 118|0x00000000e7600000, 0x00000000e7600000, 0x00000000e7700000|  0%| F|  |TAMS 0x00000000e7600000| PB 0x00000000e7600000| Untracked 
| 119|0x00000000e7700000, 0x00000000e7700000, 0x00000000e7800000|  0%| F|  |TAMS 0x00000000e7700000| PB 0x00000000e7700000| Untracked 
| 120|0x00000000e7800000, 0x00000000e7800000, 0x00000000e7900000|  0%| F|  |TAMS 0x00000000e7800000| PB 0x00000000e7800000| Untracked 
| 121|0x00000000e7900000, 0x00000000e7900000, 0x00000000e7a00000|  0%| F|  |TAMS 0x00000000e7900000| PB 0x00000000e7900000| Untracked 
| 122|0x00000000e7a00000, 0x00000000e7a00000, 0x00000000e7b00000|  0%| F|  |TAMS 0x00000000e7a00000| PB 0x00000000e7a00000| Untracked 
| 123|0x00000000e7b00000, 0x00000000e7b00000, 0x00000000e7c00000|  0%| F|  |TAMS 0x00000000e7b00000| PB 0x00000000e7b00000| Untracked 
| 124|0x00000000e7c00000, 0x00000000e7c00000, 0x00000000e7d00000|  0%| F|  |TAMS 0x00000000e7c00000| PB 0x00000000e7c00000| Untracked 
| 125|0x00000000e7d00000, 0x00000000e7d00000, 0x00000000e7e00000|  0%| F|  |TAMS 0x00000000e7d00000| PB 0x00000000e7d00000| Untracked 
| 126|0x00000000e7e00000, 0x00000000e7e00000, 0x00000000e7f00000|  0%| F|  |TAMS 0x00000000e7e00000| PB 0x00000000e7e00000| Untracked 
| 127|0x00000000e7f00000, 0x00000000e7f00000, 0x00000000e8000000|  0%| F|  |TAMS 0x00000000e7f00000| PB 0x00000000e7f00000| Untracked 
| 128|0x00000000e8000000, 0x00000000e8000000, 0x00000000e8100000|  0%| F|  |TAMS 0x00000000e8000000| PB 0x00000000e8000000| Untracked 
| 129|0x00000000e8100000, 0x00000000e8100000, 0x00000000e8200000|  0%| F|  |TAMS 0x00000000e8100000| PB 0x00000000e8100000| Untracked 
| 130|0x00000000e8200000, 0x00000000e8200000, 0x00000000e8300000|  0%| F|  |TAMS 0x00000000e8200000| PB 0x00000000e8200000| Untracked 
| 131|0x00000000e8300000, 0x00000000e8300000, 0x00000000e8400000|  0%| F|  |TAMS 0x00000000e8300000| PB 0x00000000e8300000| Untracked 
| 132|0x00000000e8400000, 0x00000000e8400000, 0x00000000e8500000|  0%| F|  |TAMS 0x00000000e8400000| PB 0x00000000e8400000| Untracked 
| 133|0x00000000e8500000, 0x00000000e8500000, 0x00000000e8600000|  0%| F|  |TAMS 0x00000000e8500000| PB 0x00000000e8500000| Untracked 
| 134|0x00000000e8600000, 0x00000000e8600000, 0x00000000e8700000|  0%| F|  |TAMS 0x00000000e8600000| PB 0x00000000e8600000| Untracked 
| 135|0x00000000e8700000, 0x00000000e8700000, 0x00000000e8800000|  0%| F|  |TAMS 0x00000000e8700000| PB 0x00000000e8700000| Untracked 
| 136|0x00000000e8800000, 0x00000000e8800000, 0x00000000e8900000|  0%| F|  |TAMS 0x00000000e8800000| PB 0x00000000e8800000| Untracked 
| 137|0x00000000e8900000, 0x00000000e8900000, 0x00000000e8a00000|  0%| F|  |TAMS 0x00000000e8900000| PB 0x00000000e8900000| Untracked 
| 138|0x00000000e8a00000, 0x00000000e8a00000, 0x00000000e8b00000|  0%| F|  |TAMS 0x00000000e8a00000| PB 0x00000000e8a00000| Untracked 
| 139|0x00000000e8b00000, 0x00000000e8b00000, 0x00000000e8c00000|  0%| F|  |TAMS 0x00000000e8b00000| PB 0x00000000e8b00000| Untracked 
| 140|0x00000000e8c00000, 0x00000000e8c00000, 0x00000000e8d00000|  0%| F|  |TAMS 0x00000000e8c00000| PB 0x00000000e8c00000| Untracked 
| 141|0x00000000e8d00000, 0x00000000e8d00000, 0x00000000e8e00000|  0%| F|  |TAMS 0x00000000e8d00000| PB 0x00000000e8d00000| Untracked 
| 142|0x00000000e8e00000, 0x00000000e8e00000, 0x00000000e8f00000|  0%| F|  |TAMS 0x00000000e8e00000| PB 0x00000000e8e00000| Untracked 
| 143|0x00000000e8f00000, 0x00000000e8f00000, 0x00000000e9000000|  0%| F|  |TAMS 0x00000000e8f00000| PB 0x00000000e8f00000| Untracked 
| 144|0x00000000e9000000, 0x00000000e9000000, 0x00000000e9100000|  0%| F|  |TAMS 0x00000000e9000000| PB 0x00000000e9000000| Untracked 
| 145|0x00000000e9100000, 0x00000000e9100000, 0x00000000e9200000|  0%| F|  |TAMS 0x00000000e9100000| PB 0x00000000e9100000| Untracked 
| 146|0x00000000e9200000, 0x00000000e9200000, 0x00000000e9300000|  0%| F|  |TAMS 0x00000000e9200000| PB 0x00000000e9200000| Untracked 
| 147|0x00000000e9300000, 0x00000000e9300000, 0x00000000e9400000|  0%| F|  |TAMS 0x00000000e9300000| PB 0x00000000e9300000| Untracked 
| 148|0x00000000e9400000, 0x00000000e9400000, 0x00000000e9500000|  0%| F|  |TAMS 0x00000000e9400000| PB 0x00000000e9400000| Untracked 
| 149|0x00000000e9500000, 0x00000000e9500000, 0x00000000e9600000|  0%| F|  |TAMS 0x00000000e9500000| PB 0x00000000e9500000| Untracked 
| 150|0x00000000e9600000, 0x00000000e9600000, 0x00000000e9700000|  0%| F|  |TAMS 0x00000000e9600000| PB 0x00000000e9600000| Untracked 
| 151|0x00000000e9700000, 0x00000000e9700000, 0x00000000e9800000|  0%| F|  |TAMS 0x00000000e9700000| PB 0x00000000e9700000| Untracked 
| 152|0x00000000e9800000, 0x00000000e9800000, 0x00000000e9900000|  0%| F|  |TAMS 0x00000000e9800000| PB 0x00000000e9800000| Untracked 
| 153|0x00000000e9900000, 0x00000000e99f9f50, 0x00000000e9a00000| 97%| S|CS|TAMS 0x00000000e9900000| PB 0x00000000e9900000| Complete 
| 154|0x00000000e9a00000, 0x00000000e9b00000, 0x00000000e9b00000|100%| S|CS|TAMS 0x00000000e9a00000| PB 0x00000000e9a00000| Complete 
| 155|0x00000000e9b00000, 0x00000000e9c00000, 0x00000000e9c00000|100%| S|CS|TAMS 0x00000000e9b00000| PB 0x00000000e9b00000| Complete 
| 156|0x00000000e9c00000, 0x00000000e9d00000, 0x00000000e9d00000|100%| S|CS|TAMS 0x00000000e9c00000| PB 0x00000000e9c00000| Complete 
| 157|0x00000000e9d00000, 0x00000000e9e00000, 0x00000000e9e00000|100%| S|CS|TAMS 0x00000000e9d00000| PB 0x00000000e9d00000| Complete 
| 158|0x00000000e9e00000, 0x00000000e9f00000, 0x00000000e9f00000|100%| S|CS|TAMS 0x00000000e9e00000| PB 0x00000000e9e00000| Complete 
| 159|0x00000000e9f00000, 0x00000000ea000000, 0x00000000ea000000|100%| S|CS|TAMS 0x00000000e9f00000| PB 0x00000000e9f00000| Complete 
| 160|0x00000000ea000000, 0x00000000ea100000, 0x00000000ea100000|100%| S|CS|TAMS 0x00000000ea000000| PB 0x00000000ea000000| Complete 
| 161|0x00000000ea100000, 0x00000000ea200000, 0x00000000ea200000|100%| S|CS|TAMS 0x00000000ea100000| PB 0x00000000ea100000| Complete 
| 162|0x00000000ea200000, 0x00000000ea300000, 0x00000000ea300000|100%| S|CS|TAMS 0x00000000ea200000| PB 0x00000000ea200000| Complete 
| 163|0x00000000ea300000, 0x00000000ea400000, 0x00000000ea400000|100%| S|CS|TAMS 0x00000000ea300000| PB 0x00000000ea300000| Complete 
| 164|0x00000000ea400000, 0x00000000ea500000, 0x00000000ea500000|100%| S|CS|TAMS 0x00000000ea400000| PB 0x00000000ea400000| Complete 
| 165|0x00000000ea500000, 0x00000000ea500000, 0x00000000ea600000|  0%| F|  |TAMS 0x00000000ea500000| PB 0x00000000ea500000| Untracked 
| 166|0x00000000ea600000, 0x00000000ea600000, 0x00000000ea700000|  0%| F|  |TAMS 0x00000000ea600000| PB 0x00000000ea600000| Untracked 
| 167|0x00000000ea700000, 0x00000000ea700000, 0x00000000ea800000|  0%| F|  |TAMS 0x00000000ea700000| PB 0x00000000ea700000| Untracked 
| 168|0x00000000ea800000, 0x00000000ea800000, 0x00000000ea900000|  0%| F|  |TAMS 0x00000000ea800000| PB 0x00000000ea800000| Untracked 
| 169|0x00000000ea900000, 0x00000000ea900000, 0x00000000eaa00000|  0%| F|  |TAMS 0x00000000ea900000| PB 0x00000000ea900000| Untracked 
| 170|0x00000000eaa00000, 0x00000000eaa00000, 0x00000000eab00000|  0%| F|  |TAMS 0x00000000eaa00000| PB 0x00000000eaa00000| Untracked 
| 171|0x00000000eab00000, 0x00000000eab00000, 0x00000000eac00000|  0%| F|  |TAMS 0x00000000eab00000| PB 0x00000000eab00000| Untracked 
| 172|0x00000000eac00000, 0x00000000eac00000, 0x00000000ead00000|  0%| F|  |TAMS 0x00000000eac00000| PB 0x00000000eac00000| Untracked 
| 173|0x00000000ead00000, 0x00000000ead00000, 0x00000000eae00000|  0%| F|  |TAMS 0x00000000ead00000| PB 0x00000000ead00000| Untracked 
| 174|0x00000000eae00000, 0x00000000eae00000, 0x00000000eaf00000|  0%| F|  |TAMS 0x00000000eae00000| PB 0x00000000eae00000| Untracked 
| 175|0x00000000eaf00000, 0x00000000eaf00000, 0x00000000eb000000|  0%| F|  |TAMS 0x00000000eaf00000| PB 0x00000000eaf00000| Untracked 
| 176|0x00000000eb000000, 0x00000000eb000000, 0x00000000eb100000|  0%| F|  |TAMS 0x00000000eb000000| PB 0x00000000eb000000| Untracked 
| 177|0x00000000eb100000, 0x00000000eb100000, 0x00000000eb200000|  0%| F|  |TAMS 0x00000000eb100000| PB 0x00000000eb100000| Untracked 
| 178|0x00000000eb200000, 0x00000000eb200000, 0x00000000eb300000|  0%| F|  |TAMS 0x00000000eb200000| PB 0x00000000eb200000| Untracked 
| 179|0x00000000eb300000, 0x00000000eb300000, 0x00000000eb400000|  0%| F|  |TAMS 0x00000000eb300000| PB 0x00000000eb300000| Untracked 
| 180|0x00000000eb400000, 0x00000000eb400000, 0x00000000eb500000|  0%| F|  |TAMS 0x00000000eb400000| PB 0x00000000eb400000| Untracked 
| 181|0x00000000eb500000, 0x00000000eb500000, 0x00000000eb600000|  0%| F|  |TAMS 0x00000000eb500000| PB 0x00000000eb500000| Untracked 
| 182|0x00000000eb600000, 0x00000000eb600000, 0x00000000eb700000|  0%| F|  |TAMS 0x00000000eb600000| PB 0x00000000eb600000| Untracked 
| 183|0x00000000eb700000, 0x00000000eb700000, 0x00000000eb800000|  0%| F|  |TAMS 0x00000000eb700000| PB 0x00000000eb700000| Untracked 
| 184|0x00000000eb800000, 0x00000000eb800000, 0x00000000eb900000|  0%| F|  |TAMS 0x00000000eb800000| PB 0x00000000eb800000| Untracked 
| 185|0x00000000eb900000, 0x00000000eb900000, 0x00000000eba00000|  0%| F|  |TAMS 0x00000000eb900000| PB 0x00000000eb900000| Untracked 
| 186|0x00000000eba00000, 0x00000000eba00000, 0x00000000ebb00000|  0%| F|  |TAMS 0x00000000eba00000| PB 0x00000000eba00000| Untracked 
| 187|0x00000000ebb00000, 0x00000000ebb00000, 0x00000000ebc00000|  0%| F|  |TAMS 0x00000000ebb00000| PB 0x00000000ebb00000| Untracked 
| 188|0x00000000ebc00000, 0x00000000ebc00000, 0x00000000ebd00000|  0%| F|  |TAMS 0x00000000ebc00000| PB 0x00000000ebc00000| Untracked 
| 189|0x00000000ebd00000, 0x00000000ebd00000, 0x00000000ebe00000|  0%| F|  |TAMS 0x00000000ebd00000| PB 0x00000000ebd00000| Untracked 
| 190|0x00000000ebe00000, 0x00000000ebe00000, 0x00000000ebf00000|  0%| F|  |TAMS 0x00000000ebe00000| PB 0x00000000ebe00000| Untracked 
| 191|0x00000000ebf00000, 0x00000000ebf00000, 0x00000000ec000000|  0%| F|  |TAMS 0x00000000ebf00000| PB 0x00000000ebf00000| Untracked 
| 192|0x00000000ec000000, 0x00000000ec000000, 0x00000000ec100000|  0%| F|  |TAMS 0x00000000ec000000| PB 0x00000000ec000000| Untracked 
| 193|0x00000000ec100000, 0x00000000ec100000, 0x00000000ec200000|  0%| F|  |TAMS 0x00000000ec100000| PB 0x00000000ec100000| Untracked 
| 194|0x00000000ec200000, 0x00000000ec200000, 0x00000000ec300000|  0%| F|  |TAMS 0x00000000ec200000| PB 0x00000000ec200000| Untracked 
| 195|0x00000000ec300000, 0x00000000ec300000, 0x00000000ec400000|  0%| F|  |TAMS 0x00000000ec300000| PB 0x00000000ec300000| Untracked 
| 196|0x00000000ec400000, 0x00000000ec400000, 0x00000000ec500000|  0%| F|  |TAMS 0x00000000ec400000| PB 0x00000000ec400000| Untracked 
| 197|0x00000000ec500000, 0x00000000ec500000, 0x00000000ec600000|  0%| F|  |TAMS 0x00000000ec500000| PB 0x00000000ec500000| Untracked 
| 198|0x00000000ec600000, 0x00000000ec600000, 0x00000000ec700000|  0%| F|  |TAMS 0x00000000ec600000| PB 0x00000000ec600000| Untracked 
| 199|0x00000000ec700000, 0x00000000ec700000, 0x00000000ec800000|  0%| F|  |TAMS 0x00000000ec700000| PB 0x00000000ec700000| Untracked 
| 200|0x00000000ec800000, 0x00000000ec800000, 0x00000000ec900000|  0%| F|  |TAMS 0x00000000ec800000| PB 0x00000000ec800000| Untracked 
| 201|0x00000000ec900000, 0x00000000ec900000, 0x00000000eca00000|  0%| F|  |TAMS 0x00000000ec900000| PB 0x00000000ec900000| Untracked 
| 202|0x00000000eca00000, 0x00000000eca00000, 0x00000000ecb00000|  0%| F|  |TAMS 0x00000000eca00000| PB 0x00000000eca00000| Untracked 
| 203|0x00000000ecb00000, 0x00000000ecb00000, 0x00000000ecc00000|  0%| F|  |TAMS 0x00000000ecb00000| PB 0x00000000ecb00000| Untracked 
| 204|0x00000000ecc00000, 0x00000000ecc00000, 0x00000000ecd00000|  0%| F|  |TAMS 0x00000000ecc00000| PB 0x00000000ecc00000| Untracked 
| 205|0x00000000ecd00000, 0x00000000ecdbd650, 0x00000000ece00000| 73%| E|  |TAMS 0x00000000ecd00000| PB 0x00000000ecd00000| Complete 
| 206|0x00000000ece00000, 0x00000000ecf00000, 0x00000000ecf00000|100%| E|CS|TAMS 0x00000000ece00000| PB 0x00000000ece00000| Complete 
| 207|0x00000000ecf00000, 0x00000000ed000000, 0x00000000ed000000|100%| E|CS|TAMS 0x00000000ecf00000| PB 0x00000000ecf00000| Complete 
| 208|0x00000000ed000000, 0x00000000ed100000, 0x00000000ed100000|100%| E|CS|TAMS 0x00000000ed000000| PB 0x00000000ed000000| Complete 
| 209|0x00000000ed100000, 0x00000000ed200000, 0x00000000ed200000|100%| E|CS|TAMS 0x00000000ed100000| PB 0x00000000ed100000| Complete 
| 210|0x00000000ed200000, 0x00000000ed300000, 0x00000000ed300000|100%| E|CS|TAMS 0x00000000ed200000| PB 0x00000000ed200000| Complete 
| 211|0x00000000ed300000, 0x00000000ed400000, 0x00000000ed400000|100%| E|CS|TAMS 0x00000000ed300000| PB 0x00000000ed300000| Complete 
| 212|0x00000000ed400000, 0x00000000ed500000, 0x00000000ed500000|100%| E|CS|TAMS 0x00000000ed400000| PB 0x00000000ed400000| Complete 
| 213|0x00000000ed500000, 0x00000000ed600000, 0x00000000ed600000|100%| E|CS|TAMS 0x00000000ed500000| PB 0x00000000ed500000| Complete 
| 214|0x00000000ed600000, 0x00000000ed700000, 0x00000000ed700000|100%| E|CS|TAMS 0x00000000ed600000| PB 0x00000000ed600000| Complete 
| 215|0x00000000ed700000, 0x00000000ed800000, 0x00000000ed800000|100%| E|CS|TAMS 0x00000000ed700000| PB 0x00000000ed700000| Complete 
| 216|0x00000000ed800000, 0x00000000ed900000, 0x00000000ed900000|100%| E|CS|TAMS 0x00000000ed800000| PB 0x00000000ed800000| Complete 
| 217|0x00000000ed900000, 0x00000000eda00000, 0x00000000eda00000|100%| E|CS|TAMS 0x00000000ed900000| PB 0x00000000ed900000| Complete 
| 218|0x00000000eda00000, 0x00000000edb00000, 0x00000000edb00000|100%| E|CS|TAMS 0x00000000eda00000| PB 0x00000000eda00000| Complete 
| 219|0x00000000edb00000, 0x00000000edc00000, 0x00000000edc00000|100%| E|CS|TAMS 0x00000000edb00000| PB 0x00000000edb00000| Complete 
| 220|0x00000000edc00000, 0x00000000edd00000, 0x00000000edd00000|100%| E|CS|TAMS 0x00000000edc00000| PB 0x00000000edc00000| Complete 
| 221|0x00000000edd00000, 0x00000000ede00000, 0x00000000ede00000|100%| E|CS|TAMS 0x00000000edd00000| PB 0x00000000edd00000| Complete 
| 222|0x00000000ede00000, 0x00000000edf00000, 0x00000000edf00000|100%| E|CS|TAMS 0x00000000ede00000| PB 0x00000000ede00000| Complete 
| 223|0x00000000edf00000, 0x00000000ee000000, 0x00000000ee000000|100%| E|CS|TAMS 0x00000000edf00000| PB 0x00000000edf00000| Complete 
| 224|0x00000000ee000000, 0x00000000ee100000, 0x00000000ee100000|100%| E|CS|TAMS 0x00000000ee000000| PB 0x00000000ee000000| Complete 
| 225|0x00000000ee100000, 0x00000000ee200000, 0x00000000ee200000|100%| E|CS|TAMS 0x00000000ee100000| PB 0x00000000ee100000| Complete 
| 226|0x00000000ee200000, 0x00000000ee300000, 0x00000000ee300000|100%| E|CS|TAMS 0x00000000ee200000| PB 0x00000000ee200000| Complete 
| 227|0x00000000ee300000, 0x00000000ee400000, 0x00000000ee400000|100%| E|CS|TAMS 0x00000000ee300000| PB 0x00000000ee300000| Complete 
| 228|0x00000000ee400000, 0x00000000ee500000, 0x00000000ee500000|100%| E|CS|TAMS 0x00000000ee400000| PB 0x00000000ee400000| Complete 
| 229|0x00000000ee500000, 0x00000000ee600000, 0x00000000ee600000|100%| E|CS|TAMS 0x00000000ee500000| PB 0x00000000ee500000| Complete 
| 230|0x00000000ee600000, 0x00000000ee700000, 0x00000000ee700000|100%| E|CS|TAMS 0x00000000ee600000| PB 0x00000000ee600000| Complete 
| 231|0x00000000ee700000, 0x00000000ee800000, 0x00000000ee800000|100%| E|CS|TAMS 0x00000000ee700000| PB 0x00000000ee700000| Complete 
| 232|0x00000000ee800000, 0x00000000ee900000, 0x00000000ee900000|100%| E|CS|TAMS 0x00000000ee800000| PB 0x00000000ee800000| Complete 
| 233|0x00000000ee900000, 0x00000000eea00000, 0x00000000eea00000|100%| E|CS|TAMS 0x00000000ee900000| PB 0x00000000ee900000| Complete 
| 234|0x00000000eea00000, 0x00000000eeb00000, 0x00000000eeb00000|100%| E|CS|TAMS 0x00000000eea00000| PB 0x00000000eea00000| Complete 
| 235|0x00000000eeb00000, 0x00000000eec00000, 0x00000000eec00000|100%| E|CS|TAMS 0x00000000eeb00000| PB 0x00000000eeb00000| Complete 
| 236|0x00000000eec00000, 0x00000000eed00000, 0x00000000eed00000|100%| E|CS|TAMS 0x00000000eec00000| PB 0x00000000eec00000| Complete 
| 237|0x00000000eed00000, 0x00000000eee00000, 0x00000000eee00000|100%| E|CS|TAMS 0x00000000eed00000| PB 0x00000000eed00000| Complete 
| 238|0x00000000eee00000, 0x00000000eef00000, 0x00000000eef00000|100%| E|CS|TAMS 0x00000000eee00000| PB 0x00000000eee00000| Complete 
| 239|0x00000000eef00000, 0x00000000ef000000, 0x00000000ef000000|100%| E|CS|TAMS 0x00000000eef00000| PB 0x00000000eef00000| Complete 
| 240|0x00000000ef000000, 0x00000000ef100000, 0x00000000ef100000|100%| E|CS|TAMS 0x00000000ef000000| PB 0x00000000ef000000| Complete 
| 241|0x00000000ef100000, 0x00000000ef200000, 0x00000000ef200000|100%| E|CS|TAMS 0x00000000ef100000| PB 0x00000000ef100000| Complete 
| 242|0x00000000ef200000, 0x00000000ef300000, 0x00000000ef300000|100%| E|CS|TAMS 0x00000000ef200000| PB 0x00000000ef200000| Complete 
| 243|0x00000000ef300000, 0x00000000ef400000, 0x00000000ef400000|100%| E|CS|TAMS 0x00000000ef300000| PB 0x00000000ef300000| Complete 
| 244|0x00000000ef400000, 0x00000000ef500000, 0x00000000ef500000|100%| E|CS|TAMS 0x00000000ef400000| PB 0x00000000ef400000| Complete 
| 245|0x00000000ef500000, 0x00000000ef600000, 0x00000000ef600000|100%| E|CS|TAMS 0x00000000ef500000| PB 0x00000000ef500000| Complete 
| 246|0x00000000ef600000, 0x00000000ef700000, 0x00000000ef700000|100%| E|CS|TAMS 0x00000000ef600000| PB 0x00000000ef600000| Complete 
| 247|0x00000000ef700000, 0x00000000ef800000, 0x00000000ef800000|100%| E|CS|TAMS 0x00000000ef700000| PB 0x00000000ef700000| Complete 
| 248|0x00000000ef800000, 0x00000000ef900000, 0x00000000ef900000|100%| E|CS|TAMS 0x00000000ef800000| PB 0x00000000ef800000| Complete 
| 249|0x00000000ef900000, 0x00000000efa00000, 0x00000000efa00000|100%| E|CS|TAMS 0x00000000ef900000| PB 0x00000000ef900000| Complete 
| 250|0x00000000efa00000, 0x00000000efb00000, 0x00000000efb00000|100%| E|CS|TAMS 0x00000000efa00000| PB 0x00000000efa00000| Complete 
| 251|0x00000000efb00000, 0x00000000efc00000, 0x00000000efc00000|100%| E|CS|TAMS 0x00000000efb00000| PB 0x00000000efb00000| Complete 
| 252|0x00000000efc00000, 0x00000000efd00000, 0x00000000efd00000|100%| E|CS|TAMS 0x00000000efc00000| PB 0x00000000efc00000| Complete 
| 253|0x00000000efd00000, 0x00000000efe00000, 0x00000000efe00000|100%| E|CS|TAMS 0x00000000efd00000| PB 0x00000000efd00000| Complete 
| 254|0x00000000efe00000, 0x00000000eff00000, 0x00000000eff00000|100%| E|CS|TAMS 0x00000000efe00000| PB 0x00000000efe00000| Complete 
| 255|0x00000000eff00000, 0x00000000f0000000, 0x00000000f0000000|100%| E|CS|TAMS 0x00000000eff00000| PB 0x00000000eff00000| Complete 

Card table byte_map: [0x000002abc3860000,0x000002abc3960000] _byte_map_base: 0x000002abc3160000

Marking Bits: (CMBitMap*) 0x000002abab6f63c0
 Bits: [0x000002abc3960000, 0x000002abc4160000)

Polling page: 0x000002aba9330000

Metaspace:

Usage:
  Non-class:     22.77 MB used.
      Class:      4.03 MB used.
       Both:     26.80 MB used.

Virtual space:
  Non-class space:       64.00 MB reserved,      23.25 MB ( 36%) committed,  1 nodes.
      Class space:      320.00 MB reserved,       4.50 MB (  1%) committed,  1 nodes.
             Both:      384.00 MB reserved,      27.75 MB (  7%) committed. 

Chunk freelists:
   Non-Class:  8.34 MB
       Class:  11.54 MB
        Both:  19.88 MB

MaxMetaspaceSize: 384.00 MB
CompressedClassSpaceSize: 320.00 MB
Initial GC threshold: 21.00 MB
Current GC threshold: 35.12 MB
CDS: on
 - commit_granule_bytes: 65536.
 - commit_granule_words: 8192.
 - virtual_space_node_default_size: 8388608.
 - enlarge_chunks_in_place: 1.
 - use_allocation_guard: 0.


Internal statistics:

num_allocs_failed_limit: 3.
num_arena_births: 1514.
num_arena_deaths: 0.
num_vsnodes_births: 2.
num_vsnodes_deaths: 0.
num_space_committed: 444.
num_space_uncommitted: 0.
num_chunks_returned_to_freelist: 3.
num_chunks_taken_from_freelist: 2722.
num_chunk_merges: 3.
num_chunk_splits: 1752.
num_chunks_enlarged: 1113.
num_inconsistent_stats: 0.

CodeHeap 'non-profiled nmethods': size=119168Kb used=2080Kb max_used=2080Kb free=117088Kb
 bounds [0x000002abbb970000, 0x000002abbbbe0000, 0x000002abc2dd0000]
CodeHeap 'profiled nmethods': size=119104Kb used=7795Kb max_used=7795Kb free=111308Kb
 bounds [0x000002abb3dd0000, 0x000002abb4570000, 0x000002abbb220000]
CodeHeap 'non-nmethods': size=7488Kb used=2077Kb max_used=3226Kb free=5410Kb
 bounds [0x000002abbb220000, 0x000002abbb5b0000, 0x000002abbb970000]
CodeCache: size=245760Kb, used=11952Kb, max_used=13101Kb, free=233806Kb
 total_blobs=4342, nmethods=3756, adapters=489, full_count=0
Compilation: enabled, stopped_count=0, restarted_count=0

Compilation events (20 events):
Event: 33.026 Thread 0x000002abc7276c20 3736   !   4       java.net.URLClassLoader::findClass (47 bytes)
Event: 33.027 Thread 0x000002abc727d800 3737   !   4       java.net.URLClassLoader$1::run (81 bytes)
Event: 33.036 Thread 0x000002abc727ca60 3740       3       jdk.internal.perf.PerfCounter::increment (6 bytes)
Event: 33.036 Thread 0x000002abc727ca60 nmethod 3740 0x000002abb4558a10 code [0x000002abb4558bc0, 0x000002abb4558d10]
Event: 33.067 Thread 0x000002abc727ca60 3741       3       org.gradle.internal.reflect.MethodSet$MethodKey::equals (89 bytes)
Event: 33.068 Thread 0x000002abc727ca60 nmethod 3741 0x000002abb4558d90 code [0x000002abb4558fc0, 0x000002abb4559830]
Event: 34.103 Thread 0x000002abc727d130 3742       3       jdk.internal.loader.URLClassPath$JarLoader$2::getInputStream (15 bytes)
Event: 34.104 Thread 0x000002abc727d130 nmethod 3742 0x000002abb4559a90 code [0x000002abb4559c40, 0x000002abb4559e20]
Event: 34.104 Thread 0x000002abc727d130 3743   !   3       jdk.internal.loader.Resource::getBytes (244 bytes)
Event: 34.471 Thread 0x000002abc727f340 3744       3       org.gradle.internal.logging.slf4j.OutputEventListenerBackedLogger::isDebugEnabled (5 bytes)
Event: 34.471 Thread 0x000002abc727ca60 3745       3       org.gradle.internal.logging.slf4j.BuildOperationAwareLogger::isDebugEnabled (8 bytes)
Event: 35.135 Thread 0x000002abc727d130 nmethod 3743 0x000002abb4559f10 code [0x000002abb455a240, 0x000002abb455b918]
Event: 35.135 Thread 0x000002abc727d130 3746       3       java.io.DataInputStream::readInt (19 bytes)
Event: 35.136 Thread 0x000002abc727ca60 nmethod 3745 0x000002abb455c290 code [0x000002abb455c440, 0x000002abb455c618]
Event: 35.136 Thread 0x000002abc727ca60 3747       3       jdk.internal.util.ByteArray::getInt (9 bytes)
Event: 35.136 Thread 0x000002abc727f340 nmethod 3744 0x000002abb455c710 code [0x000002abb455c8e0, 0x000002abb455ccd0]
Event: 35.137 Thread 0x000002abc727d130 nmethod 3746 0x000002abb455ce90 code [0x000002abb455d0a0, 0x000002abb455d6b0]
Event: 35.137 Thread 0x000002abc727ca60 nmethod 3747 0x000002abb455d910 code [0x000002abb455db00, 0x000002abb455e030]
Event: 35.138 Thread 0x000002abc727f340 3749       3       org.gradle.internal.instantiation.generator.AbstractClassGenerator$InjectionAnnotationValidator::validateMethod (506 bytes)
Event: 37.781 Thread 0x000002abc727ca60 3751       3       java.lang.ThreadLocal::set (26 bytes)

GC Heap History (8 events):
Event: 3.666 GC heap before
{Heap before GC invocations=0 (full 0):
 garbage-first heap   total 262144K, used 23552K [0x00000000e0000000, 0x0000000100000000)
  region size 1024K, 23 young (23552K), 0 survivors (0K)
 Metaspace       used 948K, committed 1088K, reserved 393216K
  class space    used 73K, committed 128K, reserved 327680K
}
Event: 3.729 GC heap after
{Heap after GC invocations=1 (full 0):
 garbage-first heap   total 262144K, used 1562K [0x00000000e0000000, 0x0000000100000000)
  region size 1024K, 2 young (2048K), 2 survivors (2048K)
 Metaspace       used 948K, committed 1088K, reserved 393216K
  class space    used 73K, committed 128K, reserved 327680K
}
Event: 7.513 GC heap before
{Heap before GC invocations=1 (full 0):
 garbage-first heap   total 262144K, used 40474K [0x00000000e0000000, 0x0000000100000000)
  region size 1024K, 38 young (38912K), 2 survivors (2048K)
 Metaspace       used 4463K, committed 4608K, reserved 393216K
  class space    used 555K, committed 640K, reserved 327680K
}
Event: 7.530 GC heap after
{Heap after GC invocations=2 (full 0):
 garbage-first heap   total 262144K, used 10991K [0x00000000e0000000, 0x0000000100000000)
  region size 1024K, 5 young (5120K), 5 survivors (5120K)
 Metaspace       used 4463K, committed 4608K, reserved 393216K
  class space    used 555K, committed 640K, reserved 327680K
}
Event: 11.673 GC heap before
{Heap before GC invocations=2 (full 0):
 garbage-first heap   total 262144K, used 68335K [0x00000000e0000000, 0x0000000100000000)
  region size 1024K, 59 young (60416K), 5 survivors (5120K)
 Metaspace       used 6462K, committed 6720K, reserved 393216K
  class space    used 855K, committed 960K, reserved 327680K
}
Event: 11.686 GC heap after
{Heap after GC invocations=3 (full 0):
 garbage-first heap   total 262144K, used 17936K [0x00000000e0000000, 0x0000000100000000)
  region size 1024K, 6 young (6144K), 6 survivors (6144K)
 Metaspace       used 6462K, committed 6720K, reserved 393216K
  class space    used 855K, committed 960K, reserved 327680K
}
Event: 27.331 GC heap before
{Heap before GC invocations=3 (full 0):
 garbage-first heap   total 262144K, used 103952K [0x00000000e0000000, 0x0000000100000000)
  region size 1024K, 91 young (93184K), 6 survivors (6144K)
 Metaspace       used 20923K, committed 21504K, reserved 393216K
  class space    used 3054K, committed 3328K, reserved 327680K
}
Event: 27.346 GC heap after
{Heap after GC invocations=4 (full 0):
 garbage-first heap   total 262144K, used 24143K [0x00000000e0000000, 0x0000000100000000)
  region size 1024K, 12 young (12288K), 12 survivors (12288K)
 Metaspace       used 20923K, committed 21504K, reserved 393216K
  class space    used 3054K, committed 3328K, reserved 327680K
}

Dll operation events (15 events):
Event: 0.056 Loaded shared library C:\Users\1234\.jdks\ms-21.0.8\bin\java.dll
Event: 0.139 Loaded shared library C:\Users\1234\.jdks\ms-21.0.8\bin\jsvml.dll
Event: 0.368 Loaded shared library C:\Users\1234\.jdks\ms-21.0.8\bin\zip.dll
Event: 0.381 Loaded shared library C:\Users\1234\.jdks\ms-21.0.8\bin\instrument.dll
Event: 0.395 Loaded shared library C:\Users\1234\.jdks\ms-21.0.8\bin\net.dll
Event: 0.408 Loaded shared library C:\Users\1234\.jdks\ms-21.0.8\bin\nio.dll
Event: 0.415 Loaded shared library C:\Users\1234\.jdks\ms-21.0.8\bin\zip.dll
Event: 3.306 Loaded shared library C:\Users\1234\.jdks\ms-21.0.8\bin\jimage.dll
Event: 4.643 Loaded shared library C:\Users\1234\.jdks\ms-21.0.8\bin\verify.dll
Event: 5.172 Loaded shared library C:\Users\1234\.gradle\native\1def1411415f61bf3af743bc5b6707747c0891f09f0c88961ee8f79bc544acac\windows-amd64\native-platform.dll
Event: 5.240 Loaded shared library C:\Users\1234\.gradle\native\0.2.7\x86_64-windows-gnu\gradle-fileevents.dll
Event: 11.611 Loaded shared library C:\Users\1234\.jdks\ms-21.0.8\bin\management.dll
Event: 11.619 Loaded shared library C:\Users\1234\.jdks\ms-21.0.8\bin\management_ext.dll
Event: 12.878 Loaded shared library C:\Users\1234\.jdks\ms-21.0.8\bin\extnet.dll
Event: 16.859 Loaded shared library C:\Users\1234\.jdks\ms-21.0.8\bin\sunmscapi.dll

Deoptimization events (20 events):
Event: 32.995 Thread 0x000002abe1e8c940 Uncommon trap: trap_request=0xffffff45 fr.pc=0x000002abbbb30088 relative=0x0000000000002d08
Event: 32.995 Thread 0x000002abe1e8c940 Uncommon trap: reason=unstable_if action=reinterpret pc=0x000002abbbb30088 method=java.lang.String.regionMatches(ZILjava/lang/String;II)Z @ 36 c2
Event: 32.995 Thread 0x000002abe1e8c940 DEOPT PACKING pc=0x000002abbbb30088 sp=0x000000fffb6fa430
Event: 32.995 Thread 0x000002abe1e8c940 DEOPT UNPACKING pc=0x000002abbb2746a2 sp=0x000000fffb6fa330 mode 2
Event: 32.995 Thread 0x000002abe1e8c940 Uncommon trap: trap_request=0xffffffde fr.pc=0x000002abbb9d7ce8 relative=0x0000000000001028
Event: 32.995 Thread 0x000002abe1e8c940 Uncommon trap: reason=class_check action=maybe_recompile pc=0x000002abbb9d7ce8 method=jdk.internal.loader.URLClassPath.getLoader(I)Ljdk/internal/loader/URLClassPath$Loader; @ 88 c2
Event: 32.995 Thread 0x000002abe1e8c940 DEOPT PACKING pc=0x000002abbb9d7ce8 sp=0x000000fffb6fa750
Event: 32.995 Thread 0x000002abe1e8c940 DEOPT UNPACKING pc=0x000002abbb2746a2 sp=0x000000fffb6fa740 mode 2
Event: 32.995 Thread 0x000002abe1e8c940 Uncommon trap: trap_request=0xffffffde fr.pc=0x000002abbbaf9238 relative=0x00000000000042d8
Event: 32.995 Thread 0x000002abe1e8c940 Uncommon trap: reason=class_check action=maybe_recompile pc=0x000002abbbaf9238 method=jdk.internal.loader.URLClassPath.getResource(Ljava/lang/String;Z)Ljdk/internal/loader/Resource; @ 53 c2
Event: 32.995 Thread 0x000002abe1e8c940 DEOPT PACKING pc=0x000002abbbaf9238 sp=0x000000fffb6fa810
Event: 32.995 Thread 0x000002abe1e8c940 DEOPT UNPACKING pc=0x000002abbb2746a2 sp=0x000000fffb6fa630 mode 2
Event: 33.003 Thread 0x000002abe1e8c940 Uncommon trap: trap_request=0xffffff45 fr.pc=0x000002abbba90f98 relative=0x00000000000000f8
Event: 33.003 Thread 0x000002abe1e8c940 Uncommon trap: reason=unstable_if action=reinterpret pc=0x000002abbba90f98 method=java.lang.ClassLoader.getClassLoadingLock(Ljava/lang/String;)Ljava/lang/Object; @ 6 c2
Event: 33.003 Thread 0x000002abe1e8c940 DEOPT PACKING pc=0x000002abbba90f98 sp=0x000000fffb6f8da0
Event: 33.003 Thread 0x000002abe1e8c940 DEOPT UNPACKING pc=0x000002abbb2746a2 sp=0x000000fffb6f8d30 mode 2
Event: 33.006 Thread 0x000002abe1e8c940 Uncommon trap: trap_request=0xffffff45 fr.pc=0x000002abbbb28f6c relative=0x00000000000008cc
Event: 33.006 Thread 0x000002abe1e8c940 Uncommon trap: reason=unstable_if action=reinterpret pc=0x000002abbbb28f6c method=java.lang.Class.getPackageName()Ljava/lang/String; @ 55 c2
Event: 33.006 Thread 0x000002abe1e8c940 DEOPT PACKING pc=0x000002abbbb28f6c sp=0x000000fffb6fa3e0
Event: 33.006 Thread 0x000002abe1e8c940 DEOPT UNPACKING pc=0x000002abbb2746a2 sp=0x000000fffb6fa3b0 mode 2

Classes loaded (20 events):
Event: 32.625 Loading class java/nio/file/FileTreeWalker$EventType
Event: 32.625 Loading class java/nio/file/FileTreeWalker$EventType done
Event: 32.625 Loading class java/nio/file/Files$3
Event: 32.625 Loading class java/nio/file/Files$3 done
Event: 32.626 Loading class java/nio/file/FileVisitResult
Event: 32.626 Loading class java/nio/file/FileVisitResult done
Event: 32.700 Loading class java/util/stream/IntStream
Event: 32.701 Loading class java/util/stream/IntStream done
Event: 32.701 Loading class java/util/stream/Streams$RangeIntSpliterator
Event: 32.702 Loading class java/util/stream/Streams$RangeIntSpliterator done
Event: 32.702 Loading class java/util/stream/IntPipeline$Head
Event: 32.703 Loading class java/util/stream/IntPipeline
Event: 32.704 Loading class java/util/stream/IntPipeline done
Event: 32.704 Loading class java/util/stream/IntPipeline$Head done
Event: 32.987 Loading class jdk/internal/loader/URLClassPath$FileLoader
Event: 32.987 Loading class jdk/internal/loader/URLClassPath$FileLoader done
Event: 32.996 Loading class jdk/internal/loader/URLClassPath$FileLoader$1
Event: 32.997 Loading class jdk/internal/loader/URLClassPath$FileLoader$1 done
Event: 35.138 Loading class java/beans/Transient
Event: 35.140 Loading class java/beans/Transient done

Classes unloaded (0 events):
No events

Classes redefined (0 events):
No events

Internal exceptions (20 events):
Event: 29.855 Thread 0x000002abe1e8c940 Exception <a 'java/lang/NoSuchMethodError'{0x00000000eedd9670}: 'java.lang.Object java.lang.invoke.DirectMethodHandle$Holder.newInvokeSpecial(java.lang.Object, java.lang.Object, java.lang.Object, java.lang.Object, java.lang.Object, java.lang.Object, java.lang.Object, java.lang.Object)'> (0x00000000eedd9670) 
thrown [s\src\hotspot\share\interpreter\linkResolver.cpp, line 773]
Event: 29.904 Thread 0x000002abe1e8c940 Exception <a 'java/lang/NoSuchMethodError'{0x00000000eecbdfa0}: 'java.lang.Object java.lang.invoke.DirectMethodHandle$Holder.invokeVirtual(java.lang.Object, java.lang.Object, java.lang.Object, java.lang.Object, java.lang.Object, java.lang.Object, java.lang.Object, java.lang.Object, java.lang.Object, java.lang.Object, java.lang.Object, java.lang.Object, java.lang.Object)'> (0x00000000eecbdfa0) 
thrown [s\src\hotspot\share\interpreter\linkResolver.cpp, line 773]
Event: 29.905 Thread 0x000002abe1e8c940 Exception <a 'java/lang/NoSuchMethodError'{0x00000000eecc31d8}: 'java.lang.Object java.lang.invoke.DirectMethodHandle$Holder.invokeSpecial(java.lang.Object, java.lang.Object, java.lang.Object, java.lang.Object, java.lang.Object, java.lang.Object, java.lang.Object, java.lang.Object, java.lang.Object, java.lang.Object, java.lang.Object, java.lang.Object, java.lang.Object, java.lang.Object)'> (0x00000000eecc31d8) 
thrown [s\src\hotspot\share\interpreter\linkResolver.cpp, line 773]
Event: 29.905 Thread 0x000002abe1e8c940 Exception <a 'java/lang/NoSuchMethodError'{0x00000000eecc7f28}: 'java.lang.Object java.lang.invoke.DelegatingMethodHandle$Holder.reinvoke_L(java.lang.Object, java.lang.Object, java.lang.Object, java.lang.Object, java.lang.Object, java.lang.Object, java.lang.Object, java.lang.Object, java.lang.Object, java.lang.Object, java.lang.Object, java.lang.Object, java.lang.Object)'> (0x00000000eecc7f28) 
thrown [s\src\hotspot\share\interpreter\linkResolver.cpp, line 773]
Event: 29.966 Thread 0x000002abe1e8c940 Exception <a 'java/lang/NoSuchMethodError'{0x00000000eea8caf0}: 'void java.lang.invoke.DirectMethodHandle$Holder.invokeStaticInit(java.lang.Object, java.lang.Object)'> (0x00000000eea8caf0) 
thrown [s\src\hotspot\share\interpreter\linkResolver.cpp, line 773]
Event: 30.126 Thread 0x000002abe1e8c940 Exception <a 'java/lang/NoSuchMethodError'{0x00000000ee6b4670}: 'java.lang.Object java.lang.invoke.DirectMethodHandle$Holder.newInvokeSpecial(java.lang.Object, java.lang.Object, java.lang.Object, java.lang.Object, java.lang.Object, java.lang.Object, java.lang.Object, java.lang.Object, java.lang.Object)'> (0x00000000ee6b4670) 
thrown [s\src\hotspot\share\interpreter\linkResolver.cpp, line 773]
Event: 30.427 Thread 0x000002abe1e8c940 Exception <a 'java/lang/NoSuchMethodError'{0x00000000ee205388}: 'int java.lang.invoke.DirectMethodHandle$Holder.invokeVirtual(java.lang.Object, java.lang.Object)'> (0x00000000ee205388) 
thrown [s\src\hotspot\share\interpreter\linkResolver.cpp, line 773]
Event: 30.778 Thread 0x000002abe1e8c940 Exception <a 'java/lang/NoSuchMethodError'{0x00000000edf346e8}: 'void java.lang.invoke.DirectMethodHandle$Holder.invokeInterface(java.lang.Object, java.lang.Object, java.lang.Object, java.lang.Object, java.lang.Object)'> (0x00000000edf346e8) 
thrown [s\src\hotspot\share\interpreter\linkResolver.cpp, line 773]
Event: 30.827 Thread 0x000002abe1e8c940 Exception <a 'java/lang/NoSuchMethodError'{0x00000000edf73f38}: 'void java.lang.invoke.DirectMethodHandle$Holder.invokeStatic(java.lang.Object, java.lang.Object, java.lang.Object, java.lang.Object, java.lang.Object, java.lang.Object)'> (0x00000000edf73f38) 
thrown [s\src\hotspot\share\interpreter\linkResolver.cpp, line 773]
Event: 31.452 Thread 0x000002abe1e8c940 Exception <a 'java/lang/IncompatibleClassChangeError'{0x00000000ed7c26d8}: Found class java.lang.Object, but interface was expected> (0x00000000ed7c26d8) 
thrown [s\src\hotspot\share\interpreter\linkResolver.cpp, line 840]
Event: 31.549 Thread 0x000002abc7386150 Implicit null exception at 0x000002abbbae474f to 0x000002abbbae4acc
Event: 32.599 Thread 0x000002abe1e8c940 Exception <a 'java/lang/NoSuchMethodError'{0x00000000ed596740}: 'java.lang.Object java.lang.invoke.DirectMethodHandle$Holder.newInvokeSpecial(java.lang.Object, java.lang.Object, long)'> (0x00000000ed596740) 
thrown [s\src\hotspot\share\interpreter\linkResolver.cpp, line 773]
Event: 32.599 Thread 0x000002abe1e8c940 Exception <a 'java/lang/NoSuchMethodError'{0x00000000ed59ab28}: 'java.lang.Object java.lang.invoke.Invokers$Holder.linkToTargetMethod(java.lang.Object, long, java.lang.Object)'> (0x00000000ed59ab28) 
thrown [s\src\hotspot\share\interpreter\linkResolver.cpp, line 773]
Event: 32.672 Thread 0x000002abe1e8c940 Exception <a 'java/lang/NoSuchMethodError'{0x00000000ed3b4858}: 'int java.lang.invoke.DirectMethodHandle$Holder.invokeInterface(java.lang.Object, java.lang.Object)'> (0x00000000ed3b4858) 
thrown [s\src\hotspot\share\interpreter\linkResolver.cpp, line 773]
Event: 32.696 Thread 0x000002abe1e8c940 Exception <a 'java/lang/NoSuchMethodError'{0x00000000ed23f058}: 'java.lang.Object java.lang.invoke.DirectMethodHandle$Holder.invokeVirtual(java.lang.Object, java.lang.Object, int)'> (0x00000000ed23f058) 
thrown [s\src\hotspot\share\interpreter\linkResolver.cpp, line 773]
Event: 32.748 Thread 0x000002abe1e8c940 Exception <a 'java/lang/NoSuchMethodError'{0x00000000ed2fa3f8}: 'java.lang.Object java.lang.invoke.DirectMethodHandle$Holder.invokeStatic(java.lang.Object, java.lang.Object, int, java.lang.Object)'> (0x00000000ed2fa3f8) 
thrown [s\src\hotspot\share\interpreter\linkResolver.cpp, line 773]
Event: 32.749 Thread 0x000002abe1e8c940 Exception <a 'java/lang/NoSuchMethodError'{0x00000000ed101ac0}: 'java.lang.Object java.lang.invoke.DirectMethodHandle$Holder.newInvokeSpecial(java.lang.Object, java.lang.Object, int, java.lang.Object)'> (0x00000000ed101ac0) 
thrown [s\src\hotspot\share\interpreter\linkResolver.cpp, line 773]
Event: 32.749 Thread 0x000002abe1e8c940 Exception <a 'java/lang/NoSuchMethodError'{0x00000000ed106298}: 'java.lang.Object java.lang.invoke.DirectMethodHandle$Holder.invokeSpecial(java.lang.Object, java.lang.Object, java.lang.Object, int, java.lang.Object)'> (0x00000000ed106298) 
thrown [s\src\hotspot\share\interpreter\linkResolver.cpp, line 773]
Event: 32.979 Thread 0x000002abe1e8c940 Exception <a 'java/lang/NoSuchMethodError'{0x00000000ecfaa968}: 'void java.lang.invoke.DirectMethodHandle$Holder.invokeInterface(java.lang.Object, java.lang.Object, java.lang.Object, java.lang.Object, java.lang.Object, java.lang.Object, java.lang.Object)'> (0x00000000ecfaa968) 
thrown [s\src\hotspot\share\interpreter\linkResolver.cpp, line 773]
Event: 32.980 Thread 0x000002abe1e8c940 Exception <a 'java/lang/NoSuchMethodError'{0x00000000ecfaf2f0}: 'void java.lang.invoke.DelegatingMethodHandle$Holder.reinvoke_L(java.lang.Object, java.lang.Object, java.lang.Object, java.lang.Object, java.lang.Object, java.lang.Object, java.lang.Object)'> (0x00000000ecfaf2f0) 
thrown [s\src\hotspot\share\interpreter\linkResolver.cpp, line 773]

ZGC Phase Switch (0 events):
No events

VM Operations (20 events):
Event: 30.619 Executing VM operation: HandshakeAllThreads (Deoptimize)
Event: 30.619 Executing VM operation: HandshakeAllThreads (Deoptimize) done
Event: 31.449 Executing VM operation: HandshakeAllThreads (Deoptimize)
Event: 31.449 Executing VM operation: HandshakeAllThreads (Deoptimize) done
Event: 31.449 Executing VM operation: Cleanup
Event: 31.450 Executing VM operation: Cleanup done
Event: 31.459 Executing VM operation: HandshakeAllThreads (Deoptimize)
Event: 31.460 Executing VM operation: HandshakeAllThreads (Deoptimize) done
Event: 31.546 Executing VM operation: HandshakeAllThreads (Deoptimize)
Event: 31.546 Executing VM operation: HandshakeAllThreads (Deoptimize) done
Event: 32.551 Executing VM operation: Cleanup
Event: 32.596 Executing VM operation: Cleanup done
Event: 32.998 Executing VM operation: HandshakeAllThreads (Deoptimize)
Event: 32.998 Executing VM operation: HandshakeAllThreads (Deoptimize) done
Event: 33.000 Executing VM operation: HandshakeAllThreads (Deoptimize)
Event: 33.001 Executing VM operation: HandshakeAllThreads (Deoptimize) done
Event: 34.007 Executing VM operation: Cleanup
Event: 34.102 Executing VM operation: Cleanup done
Event: 35.104 Executing VM operation: Cleanup
Event: 35.135 Executing VM operation: Cleanup done

Memory protections (0 events):
No events

Nmethod flushes (0 events):
No events

Events (20 events):
Event: 22.967 Thread 0x000002abe1e8c940 Thread added: 0x000002abc7385ac0
Event: 22.998 Thread 0x000002abc7385ac0 Thread added: 0x000002abc7387500
Event: 23.145 Thread 0x000002abe1e8c940 Thread added: 0x000002abc7388220
Event: 23.677 Thread 0x000002abc727f340 Thread added: 0x000002abc727c390
Event: 23.805 Thread 0x000002abc727c390 Thread exited: 0x000002abc727c390
Event: 24.362 Thread 0x000002abc727f340 Thread added: 0x000002abc727ec70
Event: 24.946 Thread 0x000002abc727ec70 Thread exited: 0x000002abc727ec70
Event: 26.446 Thread 0x000002abc727f340 Thread added: 0x000002abc727ca60
Event: 26.839 Thread 0x000002abc727ca60 Thread exited: 0x000002abc727ca60
Event: 27.488 Thread 0x000002abc727f340 Thread added: 0x000002abc727ca60
Event: 29.522 Thread 0x000002abe1e8c940 Thread added: 0x000002abc73867e0
Event: 29.593 Thread 0x000002abe1e8c940 Thread added: 0x000002abe3b3ffc0
Event: 30.360 Thread 0x000002abe1e8c940 Thread added: 0x000002abe3b42db0
Event: 30.424 Thread 0x000002abe1e8c940 Thread added: 0x000002abe3b40650
Event: 31.563 Thread 0x000002abc727ca60 Thread added: 0x000002abc727d130
Event: 31.564 Thread 0x000002abc727ca60 Thread added: 0x000002abc727ded0
Event: 32.750 Thread 0x000002abe1e8c940 Thread added: 0x000002abe3b41a00
Event: 32.861 Thread 0x000002abc727ca60 Thread added: 0x000002abc727d800
Event: 32.900 Thread 0x000002abe1e8c940 Thread added: 0x000002abe3b43440
Event: 34.103 Thread 0x000002abc727ded0 Thread exited: 0x000002abc727ded0


Dynamic libraries:
0x00007ff723950000 - 0x00007ff72395e000 	C:\Users\1234\.jdks\ms-21.0.8\bin\java.exe
0x00007ffeb1620000 - 0x00007ffeb1888000 	C:\WINDOWS\SYSTEM32\ntdll.dll
0x00007ffeafe60000 - 0x00007ffeaff29000 	C:\WINDOWS\System32\KERNEL32.DLL
0x00007ffeaee90000 - 0x00007ffeaf282000 	C:\WINDOWS\System32\KERNELBASE.dll
0x00007ffeaebc0000 - 0x00007ffeaed0b000 	C:\WINDOWS\System32\ucrtbase.dll
0x00007ffe991c0000 - 0x00007ffe991de000 	C:\Users\1234\.jdks\ms-21.0.8\bin\VCRUNTIME140.dll
0x00007ffe99180000 - 0x00007ffe99198000 	C:\Users\1234\.jdks\ms-21.0.8\bin\jli.dll
0x00007ffeb05b0000 - 0x00007ffeb0775000 	C:\WINDOWS\System32\USER32.dll
0x00007ffeaf3c0000 - 0x00007ffeaf3e7000 	C:\WINDOWS\System32\win32u.dll
0x00007ffeaf5d0000 - 0x00007ffeaf5fb000 	C:\WINDOWS\System32\GDI32.dll
0x00007ffeaea90000 - 0x00007ffeaebbd000 	C:\WINDOWS\System32\gdi32full.dll
0x00007ffe8da70000 - 0x00007ffe8dd03000 	C:\WINDOWS\WinSxS\amd64_microsoft.windows.common-controls_6595b64144ccf1df_6.0.26100.6899_none_3e0efeeae32e88c1\COMCTL32.dll
0x00007ffeaf3f0000 - 0x00007ffeaf499000 	C:\WINDOWS\System32\msvcrt.dll
0x00007ffeae7b0000 - 0x00007ffeae853000 	C:\WINDOWS\System32\msvcp_win.dll
0x00007ffeaffc0000 - 0x00007ffeaffef000 	C:\WINDOWS\System32\IMM32.DLL
0x00007ffea64d0000 - 0x00007ffea64dc000 	C:\Users\1234\.jdks\ms-21.0.8\bin\vcruntime140_1.dll
0x00007ffe7c490000 - 0x00007ffe7c519000 	C:\Users\1234\.jdks\ms-21.0.8\bin\msvcp140.dll
0x00007ffddbda0000 - 0x00007ffddcb4c000 	C:\Users\1234\.jdks\ms-21.0.8\bin\server\jvm.dll
0x00007ffeaf510000 - 0x00007ffeaf5c4000 	C:\WINDOWS\System32\ADVAPI32.dll
0x00007ffeb0fc0000 - 0x00007ffeb1066000 	C:\WINDOWS\System32\sechost.dll
0x00007ffeb1400000 - 0x00007ffeb1518000 	C:\WINDOWS\System32\RPCRT4.dll
0x00007ffeaff30000 - 0x00007ffeaffa4000 	C:\WINDOWS\System32\WS2_32.dll
0x00007ffeae610000 - 0x00007ffeae66e000 	C:\WINDOWS\SYSTEM32\POWRPROF.dll
0x00007ffe8dd10000 - 0x00007ffe8dd1b000 	C:\WINDOWS\SYSTEM32\VERSION.dll
0x00007ffe8d950000 - 0x00007ffe8d985000 	C:\WINDOWS\SYSTEM32\WINMM.dll
0x00007ffeae540000 - 0x00007ffeae554000 	C:\WINDOWS\SYSTEM32\UMPDC.dll
0x00007ffead540000 - 0x00007ffead55b000 	C:\WINDOWS\SYSTEM32\kernel.appcore.dll
0x00007ffea10f0000 - 0x00007ffea10fa000 	C:\Users\1234\.jdks\ms-21.0.8\bin\jimage.dll
0x00007ffeabe20000 - 0x00007ffeac062000 	C:\WINDOWS\SYSTEM32\DBGHELP.DLL
0x00007ffeb0c40000 - 0x00007ffeb0fbb000 	C:\WINDOWS\System32\combase.dll
0x00007ffeb0000000 - 0x00007ffeb00d7000 	C:\WINDOWS\System32\OLEAUT32.dll
0x00007ffe89e00000 - 0x00007ffe89e3c000 	C:\WINDOWS\SYSTEM32\dbgcore.DLL
0x00007ffeaf290000 - 0x00007ffeaf328000 	C:\WINDOWS\System32\bcryptPrimitives.dll
0x00007ffe9b4f0000 - 0x00007ffe9b500000 	C:\Users\1234\.jdks\ms-21.0.8\bin\instrument.dll
0x00007ffe99130000 - 0x00007ffe99151000 	C:\Users\1234\.jdks\ms-21.0.8\bin\java.dll
0x00007ffeaf710000 - 0x00007ffeafe5d000 	C:\WINDOWS\System32\SHELL32.dll
0x00007ffeae920000 - 0x00007ffeaea8b000 	C:\WINDOWS\System32\wintypes.dll
0x00007ffeac3c0000 - 0x00007ffeacc1d000 	C:\WINDOWS\SYSTEM32\windows.storage.dll
0x00007ffeaf600000 - 0x00007ffeaf6f2000 	C:\WINDOWS\System32\SHCORE.dll
0x00007ffeb1070000 - 0x00007ffeb10d2000 	C:\WINDOWS\System32\shlwapi.dll
0x00007ffeae6d0000 - 0x00007ffeae6f9000 	C:\WINDOWS\SYSTEM32\profapi.dll
0x00007ffe7c100000 - 0x00007ffe7c1d6000 	C:\Users\1234\.jdks\ms-21.0.8\bin\jsvml.dll
0x00007ffe98e10000 - 0x00007ffe98e28000 	C:\Users\1234\.jdks\ms-21.0.8\bin\zip.dll
0x00007ffe98d40000 - 0x00007ffe98d51000 	C:\Users\1234\.jdks\ms-21.0.8\bin\net.dll
0x00007ffea1e40000 - 0x00007ffea1f5f000 	C:\WINDOWS\SYSTEM32\WINHTTP.dll
0x00007ffeada90000 - 0x00007ffeadafb000 	C:\WINDOWS\system32\mswsock.dll
0x00007ffe96280000 - 0x00007ffe96296000 	C:\Users\1234\.jdks\ms-21.0.8\bin\nio.dll
0x00007ffe99120000 - 0x00007ffe99130000 	C:\Users\1234\.jdks\ms-21.0.8\bin\verify.dll
0x00007ffe7c0b0000 - 0x00007ffe7c0d7000 	C:\Users\1234\.gradle\native\1def1411415f61bf3af743bc5b6707747c0891f09f0c88961ee8f79bc544acac\windows-amd64\native-platform.dll
0x00007ffe2ebe0000 - 0x00007ffe2ec58000 	C:\Users\1234\.gradle\native\0.2.7\x86_64-windows-gnu\gradle-fileevents.dll
0x00007ffe92d30000 - 0x00007ffe92d3a000 	C:\Users\1234\.jdks\ms-21.0.8\bin\management.dll
0x00007ffe92d20000 - 0x00007ffe92d2c000 	C:\Users\1234\.jdks\ms-21.0.8\bin\management_ext.dll
0x00007ffeaf700000 - 0x00007ffeaf708000 	C:\WINDOWS\System32\PSAPI.DLL
0x00007ffead090000 - 0x00007ffead0c4000 	C:\WINDOWS\SYSTEM32\IPHLPAPI.DLL
0x00007ffeb0260000 - 0x00007ffeb026a000 	C:\WINDOWS\System32\NSI.dll
0x00007ffe91e40000 - 0x00007ffe91e49000 	C:\Users\1234\.jdks\ms-21.0.8\bin\extnet.dll
0x00007ffeade70000 - 0x00007ffeade8b000 	C:\WINDOWS\SYSTEM32\CRYPTSP.dll
0x00007ffead4a0000 - 0x00007ffead4db000 	C:\WINDOWS\system32\rsaenh.dll
0x00007ffeadb30000 - 0x00007ffeadb5b000 	C:\WINDOWS\SYSTEM32\USERENV.dll
0x00007ffeae6a0000 - 0x00007ffeae6c6000 	C:\WINDOWS\SYSTEM32\bcrypt.dll
0x00007ffeadcd0000 - 0x00007ffeadcdc000 	C:\WINDOWS\SYSTEM32\CRYPTBASE.dll
0x00007ffe8a310000 - 0x00007ffe8a31e000 	C:\Users\1234\.jdks\ms-21.0.8\bin\sunmscapi.dll
0x00007ffeaed10000 - 0x00007ffeaee87000 	C:\WINDOWS\System32\CRYPT32.dll
0x00007ffeadfb0000 - 0x00007ffeadfe0000 	C:\WINDOWS\SYSTEM32\ncrypt.dll
0x00007ffeadf60000 - 0x00007ffeadf9f000 	C:\WINDOWS\SYSTEM32\NTASN1.dll
0x00007ffea5220000 - 0x00007ffea5228000 	C:\WINDOWS\system32\wshunix.dll

JVMTI agents:
C:\Users\1234\.gradle\wrapper\dists\gradle-8.14.3-bin\cv11ve7ro1n3o1j4so8xd9n66\gradle-8.14.3\lib\agents\gradle-instrumentation-agent-8.14.3.jar path:C:\Users\1234\.jdks\ms-21.0.8\bin\instrument.dll, loaded, initialized, instrumentlib options:none

dbghelp: loaded successfully - version: 4.0.5 - missing functions: none
symbol engine: initialized successfully - sym options: 0x614 - pdb path: .;C:\Users\1234\.jdks\ms-21.0.8\bin;C:\WINDOWS\SYSTEM32;C:\WINDOWS\WinSxS\amd64_microsoft.windows.common-controls_6595b64144ccf1df_6.0.26100.6899_none_3e0efeeae32e88c1;C:\Users\1234\.jdks\ms-21.0.8\bin\server;C:\Users\1234\.gradle\native\1def1411415f61bf3af743bc5b6707747c0891f09f0c88961ee8f79bc544acac\windows-amd64;C:\Users\1234\.gradle\native\0.2.7\x86_64-windows-gnu

VM Arguments:
jvm_args: --add-opens=java.base/java.lang=ALL-UNNAMED --add-opens=java.base/java.lang.invoke=ALL-UNNAMED --add-opens=java.base/java.util=ALL-UNNAMED --add-opens=java.prefs/java.util.prefs=ALL-UNNAMED --add-exports=jdk.compiler/com.sun.tools.javac.api=ALL-UNNAMED --add-exports=jdk.compiler/com.sun.tools.javac.util=ALL-UNNAMED --add-opens=java.base/java.util=ALL-UNNAMED --add-opens=java.prefs/java.util.prefs=ALL-UNNAMED --add-opens=java.base/java.nio.charset=ALL-UNNAMED --add-opens=java.base/java.net=ALL-UNNAMED --add-opens=java.base/java.util.concurrent.atomic=ALL-UNNAMED --add-opens=java.xml/javax.xml.namespace=ALL-UNNAMED -XX:MaxMetaspaceSize=384m -XX:+HeapDumpOnOutOfMemoryError -Xms256m -Xmx512m -Dfile.encoding=UTF-8 -Duser.country=KR -Duser.language=ko -Duser.variant -javaagent:C:\Users\1234\.gradle\wrapper\dists\gradle-8.14.3-bin\cv11ve7ro1n3o1j4so8xd9n66\gradle-8.14.3\lib\agents\gradle-instrumentation-agent-8.14.3.jar 
java_command: org.gradle.launcher.daemon.bootstrap.GradleDaemon 8.14.3
java_class_path (initial): C:\Users\1234\.gradle\wrapper\dists\gradle-8.14.3-bin\cv11ve7ro1n3o1j4so8xd9n66\gradle-8.14.3\lib\gradle-daemon-main-8.14.3.jar
Launcher Type: SUN_STANDARD

[Global flags]
     intx CICompilerCount                          = 12                                        {product} {ergonomic}
   size_t CompressedClassSpaceSize                 = 335544320                                 {product} {ergonomic}
     uint ConcGCThreads                            = 4                                         {product} {ergonomic}
     uint G1ConcRefinementThreads                  = 14                                        {product} {ergonomic}
   size_t G1HeapRegionSize                         = 1048576                                   {product} {ergonomic}
    uintx GCDrainStackTargetSize                   = 64                                        {product} {ergonomic}
     bool HeapDumpOnOutOfMemoryError               = true                                   {manageable} {command line}
   size_t InitialHeapSize                          = 268435456                                 {product} {command line}
   size_t MarkStackSize                            = 4194304                                   {product} {ergonomic}
   size_t MaxHeapSize                              = 536870912                                 {product} {command line}
   size_t MaxMetaspaceSize                         = 402653184                                 {product} {command line}
   size_t MaxNewSize                               = 321912832                                 {product} {ergonomic}
   size_t MinHeapDeltaBytes                        = 1048576                                   {product} {ergonomic}
   size_t MinHeapSize                              = 268435456                                 {product} {command line}
    uintx NonNMethodCodeHeapSize                   = 7602480                                {pd product} {ergonomic}
    uintx NonProfiledCodeHeapSize                  = 122027880                              {pd product} {ergonomic}
    uintx ProfiledCodeHeapSize                     = 122027880                              {pd product} {ergonomic}
    uintx ReservedCodeCacheSize                    = 251658240                              {pd product} {ergonomic}
     bool SegmentedCodeCache                       = true                                      {product} {ergonomic}
   size_t SoftMaxHeapSize                          = 536870912                              {manageable} {ergonomic}
     bool UseCompressedOops                        = true                           {product lp64_product} {ergonomic}
     bool UseG1GC                                  = true                                      {product} {ergonomic}
     bool UseLargePagesIndividualAllocation        = false                                  {pd product} {ergonomic}

Logging:
Log output configuration:
 #0: stdout all=warning uptime,level,tags foldmultilines=false
 #1: stderr all=off uptime,level,tags foldmultilines=false

Environment Variables:
PATH=C:\Program Files\Common Files\Oracle\Java\javapath;C:\Program Files\Eclipse Adoptium\jdk-17.0.13.11-hotspot\bin;C:\WINDOWS\system32;C:\WINDOWS;C:\WINDOWS\System32\Wbem;C:\WINDOWS\System32\WindowsPowerShell\v1.0\;C:\WINDOWS\System32\OpenSSH\;C:\Program Files\Wondershare\Wondershare DemoCreator (Korean);C:\Windows\System32;C:\Program Files\MySQL\MySQL Shell 8.0\bin\;C:\Program Files\Git\cmd;C:\Program Files\Git\cmd;C:\Program Files\MySQL\MySQL Server 8.0\bin;C:\Gradle\gradle-8.13\bin;C:\Program Files\Java\jdk-17\bin;;C:\Program Files\Docker\Docker\resources\bin;C:\Users\1234\AppData\Local\Microsoft\WindowsApps;C:\Users\1234\AppData\Local\Programs\Microsoft VS Code\bin;C:\Program Files\MySQL\MySQL Shell 8.0\bin;C:\Windows\System32;C:\Program Files\Git\bin;C:\Program Files\Git\cmd;C:\Program Files\JetBrains\DataGrip 2024.3.5\bin;;C:\Users\1234\AppData\Local\Python\bin
USERNAME=1234
TMPDIR=C:\Users\Public\Documents\ESTsoft\CreatorTemp
OS=Windows_NT
PROCESSOR_IDENTIFIER=Intel64 Family 6 Model 170 Stepping 4, GenuineIntel
TMP=C:\Users\1234\AppData\Local\Temp
TEMP=C:\Users\1234\AppData\Local\Temp




Periodic native trim disabled

---------------  S Y S T E M  ---------------

OS:
 Windows 11 , 64 bit Build 26100 (10.0.26100.6725)
OS uptime: 1 days 7:25 hours
Hyper-V role detected

CPU: total 18 (initial active 18) (9 cores per cpu, 2 threads per core) family 6 model 170 stepping 4 microcode 0x1f, cx8, cmov, fxsr, ht, mmx, 3dnowpref, sse, sse2, sse3, ssse3, sse4.1, sse4.2, popcnt, lzcnt, tsc, tscinvbit, avx, avx2, aes, erms, clmul, bmi1, bmi2, adx, sha, fma, vzeroupper, clflush, clflushopt, clwb, hv, serialize, rdtscp, rdpid, fsrm, f16c, cet_ibt, cet_ss
Processor Information for processor 0
  Max Mhz: 1200, Current Mhz: 1200, Mhz Limit: 1200
Processor Information for processor 1
  Max Mhz: 1200, Current Mhz: 1200, Mhz Limit: 1200
Processor Information for processor 2
  Max Mhz: 3600, Current Mhz: 700, Mhz Limit: 684
Processor Information for processor 3
  Max Mhz: 3600, Current Mhz: 700, Mhz Limit: 684
Processor Information for processor 4
  Max Mhz: 3600, Current Mhz: 700, Mhz Limit: 684
Processor Information for processor 5
  Max Mhz: 3600, Current Mhz: 700, Mhz Limit: 684
Processor Information for processor 6
  Max Mhz: 3600, Current Mhz: 700, Mhz Limit: 684
Processor Information for processor 7
  Max Mhz: 3600, Current Mhz: 700, Mhz Limit: 684
Processor Information for processor 8
  Max Mhz: 3600, Current Mhz: 700, Mhz Limit: 684
Processor Information for processor 9
  Max Mhz: 3600, Current Mhz: 700, Mhz Limit: 684
Processor Information for processor 10
  Max Mhz: 1200, Current Mhz: 1200, Mhz Limit: 1200
Processor Information for processor 11
  Max Mhz: 1200, Current Mhz: 1200, Mhz Limit: 1200
Processor Information for processor 12
  Max Mhz: 1200, Current Mhz: 1200, Mhz Limit: 1200
Processor Information for processor 13
  Max Mhz: 1200, Current Mhz: 1200, Mhz Limit: 1200
Processor Information for processor 14
  Max Mhz: 1200, Current Mhz: 1200, Mhz Limit: 1200
Processor Information for processor 15
  Max Mhz: 1200, Current Mhz: 1200, Mhz Limit: 1200
Processor Information for processor 16
  Max Mhz: 2500, Current Mhz: 700, Mhz Limit: 700
Processor Information for processor 17
  Max Mhz: 2500, Current Mhz: 700, Mhz Limit: 700

Memory: 4k page, system-wide physical 15898M (1166M free)
TotalPageFile size 46289M (AvailPageFile size 607M)
current process WorkingSet (physical memory assigned to process): 245M, peak: 245M
current process commit charge ("private bytes"): 442M, peak: 442M

vm_info: OpenJDK 64-Bit Server VM (21.0.8+9-LTS) for windows-amd64 JRE (21.0.8+9-LTS), built on 2025-07-10T20:22:44Z by "MicrosoftCorporation" with unknown MS VC++:1944

END.
